{"/home/estudiante/Documentos/Proyecto_VetLife-Leonardo-Brigit-Ana/VetLifeTest/src/App.jsx": {"path":"/home/estudiante/Documentos/Proyecto_VetLife-Leonardo-Brigit-Ana/VetLifeTest/src/App.jsx","statementMap":{"0":{"start":{"line":6,"column":32},"end":{"line":6,"column":46}},"1":{"start":{"line":7,"column":42},"end":{"line":7,"column":57}},"2":{"start":{"line":8,"column":32},"end":{"line":8,"column":44}},"3":{"start":{"line":10,"column":2},"end":{"line":20,"column":7}},"4":{"start":{"line":10,"column":35},"end":{"line":18,"column":9}},"5":{"start":{"line":11,"column":21},"end":{"line":11,"column":52}},"6":{"start":{"line":12,"column":17},"end":{"line":12,"column":53}},"7":{"start":{"line":13,"column":4},"end":{"line":17,"column":7}},"8":{"start":{"line":14,"column":21},"end":{"line":14,"column":41}},"9":{"start":{"line":15,"column":20},"end":{"line":15,"column":41}},"10":{"start":{"line":16,"column":6},"end":{"line":16,"column":45}},"11":{"start":{"line":19,"column":2},"end":{"line":19,"column":38}},"12":{"start":{"line":19,"column":13},"end":{"line":19,"column":37}},"13":{"start":{"line":23,"column":25},"end":{"line":23,"column":61}},"14":{"start":{"line":23,"column":49},"end":{"line":23,"column":60}},"15":{"start":{"line":24,"column":4},"end":{"line":24,"column":29}},"16":{"start":{"line":25,"column":4},"end":{"line":25,"column":65}},"17":{"start":{"line":29,"column":2},"end":{"line":290,"column":4}},"18":{"start":{"line":34,"column":32},"end":{"line":34,"column":62}},"19":{"start":{"line":42,"column":29},"end":{"line":42,"column":50}},"20":{"start":{"line":57,"column":35},"end":{"line":57,"column":56}},"21":{"start":{"line":66,"column":35},"end":{"line":66,"column":59}},"22":{"start":{"line":74,"column":35},"end":{"line":74,"column":55}},"23":{"start":{"line":90,"column":35},"end":{"line":90,"column":56}},"24":{"start":{"line":113,"column":35},"end":{"line":113,"column":56}},"25":{"start":{"line":138,"column":35},"end":{"line":138,"column":56}},"26":{"start":{"line":170,"column":16},"end":{"line":181,"column":21}},"27":{"start":{"line":175,"column":35},"end":{"line":175,"column":60}},"28":{"start":{"line":187,"column":27},"end":{"line":187,"column":49}},"29":{"start":{"line":205,"column":29},"end":{"line":205,"column":51}},"30":{"start":{"line":233,"column":29},"end":{"line":233,"column":50}},"31":{"start":{"line":259,"column":29},"end":{"line":259,"column":79}}},"fnMap":{"0":{"name":"App","decl":{"start":{"line":5,"column":24},"end":{"line":5,"column":27}},"loc":{"start":{"line":5,"column":30},"end":{"line":291,"column":1}},"line":5},"1":{"name":"(anonymous_1)","decl":{"start":{"line":10,"column":12},"end":{"line":10,"column":13}},"loc":{"start":{"line":10,"column":16},"end":{"line":20,"column":1}},"line":10},"2":{"name":"(anonymous_2)","decl":{"start":{"line":10,"column":47},"end":{"line":10,"column":48}},"loc":{"start":{"line":10,"column":51},"end":{"line":18,"column":3}},"line":10},"3":{"name":"(anonymous_3)","decl":{"start":{"line":13,"column":15},"end":{"line":13,"column":16}},"loc":{"start":{"line":13,"column":23},"end":{"line":17,"column":5}},"line":13},"4":{"name":"(anonymous_4)","decl":{"start":{"line":19,"column":8},"end":{"line":19,"column":9}},"loc":{"start":{"line":19,"column":13},"end":{"line":19,"column":37}},"line":19},"5":{"name":"eliminarDelCarrito","decl":{"start":{"line":22,"column":11},"end":{"line":22,"column":29}},"loc":{"start":{"line":22,"column":37},"end":{"line":26,"column":1}},"line":22},"6":{"name":"(anonymous_6)","decl":{"start":{"line":23,"column":40},"end":{"line":23,"column":41}},"loc":{"start":{"line":23,"column":49},"end":{"line":23,"column":60}},"line":23},"7":{"name":"(anonymous_7)","decl":{"start":{"line":34,"column":27},"end":{"line":34,"column":28}},"loc":{"start":{"line":34,"column":32},"end":{"line":34,"column":62}},"line":34},"8":{"name":"(anonymous_8)","decl":{"start":{"line":42,"column":23},"end":{"line":42,"column":24}},"loc":{"start":{"line":42,"column":29},"end":{"line":42,"column":50}},"line":42},"9":{"name":"(anonymous_9)","decl":{"start":{"line":57,"column":29},"end":{"line":57,"column":30}},"loc":{"start":{"line":57,"column":35},"end":{"line":57,"column":56}},"line":57},"10":{"name":"(anonymous_10)","decl":{"start":{"line":66,"column":29},"end":{"line":66,"column":30}},"loc":{"start":{"line":66,"column":35},"end":{"line":66,"column":59}},"line":66},"11":{"name":"(anonymous_11)","decl":{"start":{"line":74,"column":29},"end":{"line":74,"column":30}},"loc":{"start":{"line":74,"column":35},"end":{"line":74,"column":55}},"line":74},"12":{"name":"(anonymous_12)","decl":{"start":{"line":90,"column":29},"end":{"line":90,"column":30}},"loc":{"start":{"line":90,"column":35},"end":{"line":90,"column":56}},"line":90},"13":{"name":"(anonymous_13)","decl":{"start":{"line":113,"column":29},"end":{"line":113,"column":30}},"loc":{"start":{"line":113,"column":35},"end":{"line":113,"column":56}},"line":113},"14":{"name":"(anonymous_14)","decl":{"start":{"line":138,"column":29},"end":{"line":138,"column":30}},"loc":{"start":{"line":138,"column":35},"end":{"line":138,"column":56}},"line":138},"15":{"name":"(anonymous_15)","decl":{"start":{"line":169,"column":27},"end":{"line":169,"column":28}},"loc":{"start":{"line":170,"column":16},"end":{"line":181,"column":21}},"line":170},"16":{"name":"(anonymous_16)","decl":{"start":{"line":175,"column":29},"end":{"line":175,"column":30}},"loc":{"start":{"line":175,"column":35},"end":{"line":175,"column":60}},"line":175},"17":{"name":"(anonymous_17)","decl":{"start":{"line":187,"column":21},"end":{"line":187,"column":22}},"loc":{"start":{"line":187,"column":27},"end":{"line":187,"column":49}},"line":187},"18":{"name":"(anonymous_18)","decl":{"start":{"line":205,"column":23},"end":{"line":205,"column":24}},"loc":{"start":{"line":205,"column":29},"end":{"line":205,"column":51}},"line":205},"19":{"name":"(anonymous_19)","decl":{"start":{"line":233,"column":23},"end":{"line":233,"column":24}},"loc":{"start":{"line":233,"column":29},"end":{"line":233,"column":50}},"line":233},"20":{"name":"(anonymous_20)","decl":{"start":{"line":259,"column":23},"end":{"line":259,"column":24}},"loc":{"start":{"line":259,"column":29},"end":{"line":259,"column":79}},"line":259}},"branchMap":{"0":{"loc":{"start":{"line":12,"column":17},"end":{"line":12,"column":53}},"type":"cond-expr","locations":[{"start":{"line":12,"column":29},"end":{"line":12,"column":50}},{"start":{"line":12,"column":51},"end":{"line":12,"column":53}}],"line":12},"1":{"loc":{"start":{"line":16,"column":13},"end":{"line":16,"column":44}},"type":"cond-expr","locations":[{"start":{"line":16,"column":32},"end":{"line":16,"column":37}},{"start":{"line":16,"column":40},"end":{"line":16,"column":44}}],"line":16},"2":{"loc":{"start":{"line":48,"column":13},"end":{"line":81,"column":13}},"type":"binary-expr","locations":[{"start":{"line":48,"column":13},"end":{"line":48,"column":34}},{"start":{"line":49,"column":14},"end":{"line":80,"column":19}}],"line":48},"3":{"loc":{"start":{"line":85,"column":13},"end":{"line":105,"column":13}},"type":"binary-expr","locations":[{"start":{"line":85,"column":13},"end":{"line":85,"column":34}},{"start":{"line":86,"column":14},"end":{"line":104,"column":19}}],"line":85},"4":{"loc":{"start":{"line":108,"column":13},"end":{"line":131,"column":13}},"type":"binary-expr","locations":[{"start":{"line":108,"column":13},"end":{"line":108,"column":33}},{"start":{"line":109,"column":14},"end":{"line":130,"column":19}}],"line":108},"5":{"loc":{"start":{"line":133,"column":13},"end":{"line":156,"column":13}},"type":"binary-expr","locations":[{"start":{"line":133,"column":13},"end":{"line":133,"column":37}},{"start":{"line":134,"column":14},"end":{"line":155,"column":19}}],"line":133},"6":{"loc":{"start":{"line":159,"column":1},"end":{"line":196,"column":7}},"type":"binary-expr","locations":[{"start":{"line":159,"column":1},"end":{"line":159,"column":13}},{"start":{"line":160,"column":8},"end":{"line":195,"column":14}}],"line":159},"7":{"loc":{"start":{"line":165,"column":11},"end":{"line":184,"column":11}},"type":"cond-expr","locations":[{"start":{"line":166,"column":12},"end":{"line":166,"column":39}},{"start":{"line":168,"column":12},"end":{"line":183,"column":17}}],"line":165},"8":{"loc":{"start":{"line":210,"column":13},"end":{"line":228,"column":13}},"type":"binary-expr","locations":[{"start":{"line":210,"column":13},"end":{"line":210,"column":35}},{"start":{"line":211,"column":14},"end":{"line":227,"column":19}}],"line":210},"9":{"loc":{"start":{"line":239,"column":13},"end":{"line":253,"column":13}},"type":"binary-expr","locations":[{"start":{"line":239,"column":13},"end":{"line":239,"column":34}},{"start":{"line":240,"column":14},"end":{"line":252,"column":21}}],"line":239},"10":{"loc":{"start":{"line":259,"column":40},"end":{"line":259,"column":78}},"type":"cond-expr","locations":[{"start":{"line":259,"column":63},"end":{"line":259,"column":67}},{"start":{"line":259,"column":70},"end":{"line":259,"column":78}}],"line":259},"11":{"loc":{"start":{"line":264,"column":13},"end":{"line":282,"column":13}},"type":"binary-expr","locations":[{"start":{"line":264,"column":13},"end":{"line":264,"column":33}},{"start":{"line":266,"column":14},"end":{"line":281,"column":20}}],"line":264}},"s":{"0":0,"1":0,"2":0,"3":0,"4":0,"5":0,"6":0,"7":0,"8":0,"9":0,"10":0,"11":0,"12":0,"13":0,"14":0,"15":0,"16":0,"17":0,"18":0,"19":0,"20":0,"21":0,"22":0,"23":0,"24":0,"25":0,"26":0,"27":0,"28":0,"29":0,"30":0,"31":0},"f":{"0":0,"1":0,"2":0,"3":0,"4":0,"5":0,"6":0,"7":0,"8":0,"9":0,"10":0,"11":0,"12":0,"13":0,"14":0,"15":0,"16":0,"17":0,"18":0,"19":0,"20":0},"b":{"0":[0,0],"1":[0,0],"2":[0,0],"3":[0,0],"4":[0,0],"5":[0,0],"6":[0,0],"7":[0,0],"8":[0,0],"9":[0,0],"10":[0,0],"11":[0,0]}}
,"/home/estudiante/Documentos/Proyecto_VetLife-Leonardo-Brigit-Ana/VetLifeTest/src/components/Accesorios.jsx": {"path":"/home/estudiante/Documentos/Proyecto_VetLife-Leonardo-Brigit-Ana/VetLifeTest/src/components/Accesorios.jsx","statementMap":{"0":{"start":{"line":2,"column":2},"end":{"line":4,"column":4}}},"fnMap":{"0":{"name":"Accesorios","decl":{"start":{"line":1,"column":24},"end":{"line":1,"column":34}},"loc":{"start":{"line":1,"column":36},"end":{"line":5,"column":1}},"line":1}},"branchMap":{},"s":{"0":0},"f":{"0":0},"b":{}}
,"/home/estudiante/Documentos/Proyecto_VetLife-Leonardo-Brigit-Ana/VetLifeTest/src/components/Alimentos.jsx": {"path":"/home/estudiante/Documentos/Proyecto_VetLife-Leonardo-Brigit-Ana/VetLifeTest/src/components/Alimentos.jsx","statementMap":{"0":{"start":{"line":7,"column":32},"end":{"line":7,"column":44}},"1":{"start":{"line":8,"column":42},"end":{"line":8,"column":57}},"2":{"start":{"line":10,"column":20},"end":{"line":19,"column":3}},"3":{"start":{"line":21,"column":1},"end":{"line":24,"column":7}},"4":{"start":{"line":22,"column":16},"end":{"line":22,"column":47}},"5":{"start":{"line":23,"column":3},"end":{"line":23,"column":44}},"6":{"start":{"line":23,"column":14},"end":{"line":23,"column":44}},"7":{"start":{"line":28,"column":23},"end":{"line":28,"column":44}},"8":{"start":{"line":29,"column":2},"end":{"line":29,"column":27}},"9":{"start":{"line":30,"column":2},"end":{"line":30,"column":63}},"10":{"start":{"line":31,"column":2},"end":{"line":31,"column":24}},"11":{"start":{"line":35,"column":22},"end":{"line":35,"column":58}},"12":{"start":{"line":35,"column":46},"end":{"line":35,"column":57}},"13":{"start":{"line":36,"column":1},"end":{"line":36,"column":26}},"14":{"start":{"line":37,"column":1},"end":{"line":37,"column":62}},"15":{"start":{"line":40,"column":2},"end":{"line":101,"column":4}},"16":{"start":{"line":48,"column":10},"end":{"line":57,"column":16}},"17":{"start":{"line":52,"column":29},"end":{"line":52,"column":51}},"18":{"start":{"line":73,"column":16},"end":{"line":84,"column":21}},"19":{"start":{"line":78,"column":35},"end":{"line":78,"column":60}},"20":{"start":{"line":90,"column":27},"end":{"line":90,"column":49}}},"fnMap":{"0":{"name":"Alimentos","decl":{"start":{"line":6,"column":24},"end":{"line":6,"column":33}},"loc":{"start":{"line":6,"column":36},"end":{"line":102,"column":1}},"line":6},"1":{"name":"(anonymous_1)","decl":{"start":{"line":21,"column":11},"end":{"line":21,"column":12}},"loc":{"start":{"line":21,"column":15},"end":{"line":24,"column":2}},"line":21},"2":{"name":"agregarAlCarrito","decl":{"start":{"line":27,"column":10},"end":{"line":27,"column":26}},"loc":{"start":{"line":27,"column":37},"end":{"line":32,"column":2}},"line":27},"3":{"name":"eliminarDelCarrito","decl":{"start":{"line":34,"column":10},"end":{"line":34,"column":28}},"loc":{"start":{"line":34,"column":36},"end":{"line":38,"column":2}},"line":34},"4":{"name":"(anonymous_4)","decl":{"start":{"line":35,"column":37},"end":{"line":35,"column":38}},"loc":{"start":{"line":35,"column":46},"end":{"line":35,"column":57}},"line":35},"5":{"name":"(anonymous_5)","decl":{"start":{"line":47,"column":23},"end":{"line":47,"column":24}},"loc":{"start":{"line":48,"column":10},"end":{"line":57,"column":16}},"line":48},"6":{"name":"(anonymous_6)","decl":{"start":{"line":52,"column":23},"end":{"line":52,"column":24}},"loc":{"start":{"line":52,"column":29},"end":{"line":52,"column":51}},"line":52},"7":{"name":"(anonymous_7)","decl":{"start":{"line":72,"column":27},"end":{"line":72,"column":28}},"loc":{"start":{"line":73,"column":16},"end":{"line":84,"column":21}},"line":73},"8":{"name":"(anonymous_8)","decl":{"start":{"line":78,"column":29},"end":{"line":78,"column":30}},"loc":{"start":{"line":78,"column":35},"end":{"line":78,"column":60}},"line":78},"9":{"name":"(anonymous_9)","decl":{"start":{"line":90,"column":21},"end":{"line":90,"column":22}},"loc":{"start":{"line":90,"column":27},"end":{"line":90,"column":49}},"line":90}},"branchMap":{"0":{"loc":{"start":{"line":23,"column":3},"end":{"line":23,"column":44}},"type":"if","locations":[{"start":{"line":23,"column":3},"end":{"line":23,"column":44}},{"start":{},"end":{}}],"line":23},"1":{"loc":{"start":{"line":62,"column":7},"end":{"line":99,"column":7}},"type":"binary-expr","locations":[{"start":{"line":62,"column":7},"end":{"line":62,"column":19}},{"start":{"line":63,"column":8},"end":{"line":98,"column":14}}],"line":62},"2":{"loc":{"start":{"line":68,"column":11},"end":{"line":87,"column":11}},"type":"cond-expr","locations":[{"start":{"line":69,"column":12},"end":{"line":69,"column":39}},{"start":{"line":71,"column":12},"end":{"line":86,"column":17}}],"line":68}},"s":{"0":0,"1":0,"2":0,"3":0,"4":0,"5":0,"6":0,"7":0,"8":0,"9":0,"10":0,"11":0,"12":0,"13":0,"14":0,"15":0,"16":0,"17":0,"18":0,"19":0,"20":0},"f":{"0":0,"1":0,"2":0,"3":0,"4":0,"5":0,"6":0,"7":0,"8":0,"9":0},"b":{"0":[0,0],"1":[0,0],"2":[0,0]}}
,"/home/estudiante/Documentos/Proyecto_VetLife-Leonardo-Brigit-Ana/VetLifeTest/src/components/Aves.jsx": {"path":"/home/estudiante/Documentos/Proyecto_VetLife-Leonardo-Brigit-Ana/VetLifeTest/src/components/Aves.jsx","statementMap":{"0":{"start":{"line":7,"column":32},"end":{"line":7,"column":44}},"1":{"start":{"line":8,"column":42},"end":{"line":8,"column":57}},"2":{"start":{"line":10,"column":20},"end":{"line":19,"column":3}},"3":{"start":{"line":21,"column":1},"end":{"line":24,"column":7}},"4":{"start":{"line":22,"column":16},"end":{"line":22,"column":47}},"5":{"start":{"line":23,"column":3},"end":{"line":23,"column":44}},"6":{"start":{"line":23,"column":14},"end":{"line":23,"column":44}},"7":{"start":{"line":28,"column":23},"end":{"line":28,"column":44}},"8":{"start":{"line":29,"column":2},"end":{"line":29,"column":27}},"9":{"start":{"line":30,"column":2},"end":{"line":30,"column":63}},"10":{"start":{"line":31,"column":2},"end":{"line":31,"column":24}},"11":{"start":{"line":35,"column":22},"end":{"line":35,"column":58}},"12":{"start":{"line":35,"column":46},"end":{"line":35,"column":57}},"13":{"start":{"line":36,"column":1},"end":{"line":36,"column":26}},"14":{"start":{"line":37,"column":1},"end":{"line":37,"column":62}},"15":{"start":{"line":41,"column":2},"end":{"line":102,"column":4}},"16":{"start":{"line":49,"column":10},"end":{"line":58,"column":16}},"17":{"start":{"line":53,"column":29},"end":{"line":53,"column":51}},"18":{"start":{"line":74,"column":16},"end":{"line":85,"column":21}},"19":{"start":{"line":79,"column":35},"end":{"line":79,"column":60}},"20":{"start":{"line":91,"column":27},"end":{"line":91,"column":49}}},"fnMap":{"0":{"name":"Aves","decl":{"start":{"line":6,"column":24},"end":{"line":6,"column":28}},"loc":{"start":{"line":6,"column":31},"end":{"line":103,"column":1}},"line":6},"1":{"name":"(anonymous_1)","decl":{"start":{"line":21,"column":11},"end":{"line":21,"column":12}},"loc":{"start":{"line":21,"column":15},"end":{"line":24,"column":2}},"line":21},"2":{"name":"agregarAlCarrito","decl":{"start":{"line":27,"column":10},"end":{"line":27,"column":26}},"loc":{"start":{"line":27,"column":37},"end":{"line":32,"column":2}},"line":27},"3":{"name":"eliminarDelCarrito","decl":{"start":{"line":34,"column":10},"end":{"line":34,"column":28}},"loc":{"start":{"line":34,"column":36},"end":{"line":39,"column":2}},"line":34},"4":{"name":"(anonymous_4)","decl":{"start":{"line":35,"column":37},"end":{"line":35,"column":38}},"loc":{"start":{"line":35,"column":46},"end":{"line":35,"column":57}},"line":35},"5":{"name":"(anonymous_5)","decl":{"start":{"line":48,"column":23},"end":{"line":48,"column":24}},"loc":{"start":{"line":49,"column":10},"end":{"line":58,"column":16}},"line":49},"6":{"name":"(anonymous_6)","decl":{"start":{"line":53,"column":23},"end":{"line":53,"column":24}},"loc":{"start":{"line":53,"column":29},"end":{"line":53,"column":51}},"line":53},"7":{"name":"(anonymous_7)","decl":{"start":{"line":73,"column":27},"end":{"line":73,"column":28}},"loc":{"start":{"line":74,"column":16},"end":{"line":85,"column":21}},"line":74},"8":{"name":"(anonymous_8)","decl":{"start":{"line":79,"column":29},"end":{"line":79,"column":30}},"loc":{"start":{"line":79,"column":35},"end":{"line":79,"column":60}},"line":79},"9":{"name":"(anonymous_9)","decl":{"start":{"line":91,"column":21},"end":{"line":91,"column":22}},"loc":{"start":{"line":91,"column":27},"end":{"line":91,"column":49}},"line":91}},"branchMap":{"0":{"loc":{"start":{"line":23,"column":3},"end":{"line":23,"column":44}},"type":"if","locations":[{"start":{"line":23,"column":3},"end":{"line":23,"column":44}},{"start":{},"end":{}}],"line":23},"1":{"loc":{"start":{"line":63,"column":7},"end":{"line":100,"column":7}},"type":"binary-expr","locations":[{"start":{"line":63,"column":7},"end":{"line":63,"column":19}},{"start":{"line":64,"column":8},"end":{"line":99,"column":14}}],"line":63},"2":{"loc":{"start":{"line":69,"column":11},"end":{"line":88,"column":11}},"type":"cond-expr","locations":[{"start":{"line":70,"column":12},"end":{"line":70,"column":39}},{"start":{"line":72,"column":12},"end":{"line":87,"column":17}}],"line":69}},"s":{"0":0,"1":0,"2":0,"3":0,"4":0,"5":0,"6":0,"7":0,"8":0,"9":0,"10":0,"11":0,"12":0,"13":0,"14":0,"15":0,"16":0,"17":0,"18":0,"19":0,"20":0},"f":{"0":0,"1":0,"2":0,"3":0,"4":0,"5":0,"6":0,"7":0,"8":0,"9":0},"b":{"0":[0,0],"1":[0,0],"2":[0,0]}}
,"/home/estudiante/Documentos/Proyecto_VetLife-Leonardo-Brigit-Ana/VetLifeTest/src/components/Cepillos.jsx": {"path":"/home/estudiante/Documentos/Proyecto_VetLife-Leonardo-Brigit-Ana/VetLifeTest/src/components/Cepillos.jsx","statementMap":{"0":{"start":{"line":7,"column":32},"end":{"line":7,"column":44}},"1":{"start":{"line":8,"column":42},"end":{"line":8,"column":57}},"2":{"start":{"line":10,"column":20},"end":{"line":19,"column":3}},"3":{"start":{"line":21,"column":1},"end":{"line":24,"column":7}},"4":{"start":{"line":22,"column":16},"end":{"line":22,"column":47}},"5":{"start":{"line":23,"column":3},"end":{"line":23,"column":44}},"6":{"start":{"line":23,"column":14},"end":{"line":23,"column":44}},"7":{"start":{"line":28,"column":23},"end":{"line":28,"column":44}},"8":{"start":{"line":29,"column":2},"end":{"line":29,"column":27}},"9":{"start":{"line":30,"column":2},"end":{"line":30,"column":63}},"10":{"start":{"line":31,"column":2},"end":{"line":31,"column":24}},"11":{"start":{"line":35,"column":22},"end":{"line":35,"column":58}},"12":{"start":{"line":35,"column":46},"end":{"line":35,"column":57}},"13":{"start":{"line":36,"column":1},"end":{"line":36,"column":26}},"14":{"start":{"line":37,"column":1},"end":{"line":37,"column":62}},"15":{"start":{"line":41,"column":2},"end":{"line":101,"column":4}},"16":{"start":{"line":49,"column":10},"end":{"line":58,"column":16}},"17":{"start":{"line":53,"column":29},"end":{"line":53,"column":51}},"18":{"start":{"line":73,"column":16},"end":{"line":84,"column":21}},"19":{"start":{"line":78,"column":35},"end":{"line":78,"column":60}},"20":{"start":{"line":90,"column":27},"end":{"line":90,"column":49}}},"fnMap":{"0":{"name":"Cepillos","decl":{"start":{"line":6,"column":24},"end":{"line":6,"column":32}},"loc":{"start":{"line":6,"column":35},"end":{"line":102,"column":1}},"line":6},"1":{"name":"(anonymous_1)","decl":{"start":{"line":21,"column":11},"end":{"line":21,"column":12}},"loc":{"start":{"line":21,"column":15},"end":{"line":24,"column":2}},"line":21},"2":{"name":"agregarAlCarrito","decl":{"start":{"line":27,"column":10},"end":{"line":27,"column":26}},"loc":{"start":{"line":27,"column":37},"end":{"line":32,"column":2}},"line":27},"3":{"name":"eliminarDelCarrito","decl":{"start":{"line":34,"column":10},"end":{"line":34,"column":28}},"loc":{"start":{"line":34,"column":36},"end":{"line":39,"column":2}},"line":34},"4":{"name":"(anonymous_4)","decl":{"start":{"line":35,"column":37},"end":{"line":35,"column":38}},"loc":{"start":{"line":35,"column":46},"end":{"line":35,"column":57}},"line":35},"5":{"name":"(anonymous_5)","decl":{"start":{"line":48,"column":23},"end":{"line":48,"column":24}},"loc":{"start":{"line":49,"column":10},"end":{"line":58,"column":16}},"line":49},"6":{"name":"(anonymous_6)","decl":{"start":{"line":53,"column":23},"end":{"line":53,"column":24}},"loc":{"start":{"line":53,"column":29},"end":{"line":53,"column":51}},"line":53},"7":{"name":"(anonymous_7)","decl":{"start":{"line":72,"column":27},"end":{"line":72,"column":28}},"loc":{"start":{"line":73,"column":16},"end":{"line":84,"column":21}},"line":73},"8":{"name":"(anonymous_8)","decl":{"start":{"line":78,"column":29},"end":{"line":78,"column":30}},"loc":{"start":{"line":78,"column":35},"end":{"line":78,"column":60}},"line":78},"9":{"name":"(anonymous_9)","decl":{"start":{"line":90,"column":21},"end":{"line":90,"column":22}},"loc":{"start":{"line":90,"column":27},"end":{"line":90,"column":49}},"line":90}},"branchMap":{"0":{"loc":{"start":{"line":23,"column":3},"end":{"line":23,"column":44}},"type":"if","locations":[{"start":{"line":23,"column":3},"end":{"line":23,"column":44}},{"start":{},"end":{}}],"line":23},"1":{"loc":{"start":{"line":63,"column":7},"end":{"line":99,"column":7}},"type":"binary-expr","locations":[{"start":{"line":63,"column":7},"end":{"line":63,"column":19}},{"start":{"line":64,"column":8},"end":{"line":98,"column":14}}],"line":63},"2":{"loc":{"start":{"line":68,"column":11},"end":{"line":87,"column":11}},"type":"cond-expr","locations":[{"start":{"line":69,"column":12},"end":{"line":69,"column":39}},{"start":{"line":71,"column":12},"end":{"line":86,"column":17}}],"line":68}},"s":{"0":0,"1":0,"2":0,"3":0,"4":0,"5":0,"6":0,"7":0,"8":0,"9":0,"10":0,"11":0,"12":0,"13":0,"14":0,"15":0,"16":0,"17":0,"18":0,"19":0,"20":0},"f":{"0":0,"1":0,"2":0,"3":0,"4":0,"5":0,"6":0,"7":0,"8":0,"9":0},"b":{"0":[0,0],"1":[0,0],"2":[0,0]}}
,"/home/estudiante/Documentos/Proyecto_VetLife-Leonardo-Brigit-Ana/VetLifeTest/src/components/Clinica.jsx": {"path":"/home/estudiante/Documentos/Proyecto_VetLife-Leonardo-Brigit-Ana/VetLifeTest/src/components/Clinica.jsx","statementMap":{"0":{"start":{"line":6,"column":19},"end":{"line":6,"column":32}},"1":{"start":{"line":7,"column":26},"end":{"line":9,"column":5}},"2":{"start":{"line":8,"column":8},"end":{"line":8,"column":38}},"3":{"start":{"line":10,"column":4},"end":{"line":26,"column":6}},"4":{"start":{"line":23,"column":86},"end":{"line":23,"column":96}}},"fnMap":{"0":{"name":"Clinica","decl":{"start":{"line":5,"column":24},"end":{"line":5,"column":31}},"loc":{"start":{"line":5,"column":33},"end":{"line":27,"column":1}},"line":5},"1":{"name":"(anonymous_1)","decl":{"start":{"line":7,"column":26},"end":{"line":7,"column":27}},"loc":{"start":{"line":7,"column":32},"end":{"line":9,"column":5}},"line":7},"2":{"name":"(anonymous_2)","decl":{"start":{"line":23,"column":81},"end":{"line":23,"column":82}},"loc":{"start":{"line":23,"column":86},"end":{"line":23,"column":96}},"line":23}},"branchMap":{},"s":{"0":0,"1":0,"2":0,"3":0,"4":0},"f":{"0":0,"1":0,"2":0},"b":{}}
,"/home/estudiante/Documentos/Proyecto_VetLife-Leonardo-Brigit-Ana/VetLifeTest/src/components/Comida.jsx": {"path":"/home/estudiante/Documentos/Proyecto_VetLife-Leonardo-Brigit-Ana/VetLifeTest/src/components/Comida.jsx","statementMap":{"0":{"start":{"line":2,"column":4},"end":{"line":4,"column":6}}},"fnMap":{"0":{"name":"Comida","decl":{"start":{"line":1,"column":24},"end":{"line":1,"column":30}},"loc":{"start":{"line":1,"column":32},"end":{"line":5,"column":1}},"line":1}},"branchMap":{},"s":{"0":0},"f":{"0":0},"b":{}}
,"/home/estudiante/Documentos/Proyecto_VetLife-Leonardo-Brigit-Ana/VetLifeTest/src/components/Farmacia.jsx": {"path":"/home/estudiante/Documentos/Proyecto_VetLife-Leonardo-Brigit-Ana/VetLifeTest/src/components/Farmacia.jsx","statementMap":{"0":{"start":{"line":4,"column":20},"end":{"line":4,"column":51}},"1":{"start":{"line":5,"column":30},"end":{"line":5,"column":45}},"2":{"start":{"line":7,"column":2},"end":{"line":11,"column":4}}},"fnMap":{"0":{"name":"Farmacia","decl":{"start":{"line":3,"column":24},"end":{"line":3,"column":32}},"loc":{"start":{"line":3,"column":35},"end":{"line":12,"column":1}},"line":3}},"branchMap":{},"s":{"0":0,"1":0,"2":0},"f":{"0":0},"b":{}}
,"/home/estudiante/Documentos/Proyecto_VetLife-Leonardo-Brigit-Ana/VetLifeTest/src/components/Higiene.jsx": {"path":"/home/estudiante/Documentos/Proyecto_VetLife-Leonardo-Brigit-Ana/VetLifeTest/src/components/Higiene.jsx","statementMap":{"0":{"start":{"line":3,"column":2},"end":{"line":7,"column":4}}},"fnMap":{"0":{"name":"Higiene","decl":{"start":{"line":1,"column":24},"end":{"line":1,"column":31}},"loc":{"start":{"line":1,"column":34},"end":{"line":8,"column":1}},"line":1}},"branchMap":{},"s":{"0":0},"f":{"0":0},"b":{}}
,"/home/estudiante/Documentos/Proyecto_VetLife-Leonardo-Brigit-Ana/VetLifeTest/src/components/Home.jsx": {"path":"/home/estudiante/Documentos/Proyecto_VetLife-Leonardo-Brigit-Ana/VetLifeTest/src/components/Home.jsx","statementMap":{"0":{"start":{"line":4,"column":20},"end":{"line":4,"column":47}},"1":{"start":{"line":5,"column":30},"end":{"line":5,"column":45}},"2":{"start":{"line":7,"column":2},"end":{"line":11,"column":4}}},"fnMap":{"0":{"name":"Home","decl":{"start":{"line":3,"column":24},"end":{"line":3,"column":28}},"loc":{"start":{"line":3,"column":31},"end":{"line":12,"column":1}},"line":3}},"branchMap":{},"s":{"0":1,"1":1,"2":1},"f":{"0":1},"b":{},"_coverageSchema":"1a1c01bbd47fc00a2c39e90264f33305004495a9","hash":"3c1af62a5ce8815c30fe501fd7200207774e0596"}
,"/home/estudiante/Documentos/Proyecto_VetLife-Leonardo-Brigit-Ana/VetLifeTest/src/components/Juguetes.jsx": {"path":"/home/estudiante/Documentos/Proyecto_VetLife-Leonardo-Brigit-Ana/VetLifeTest/src/components/Juguetes.jsx","statementMap":{"0":{"start":{"line":7,"column":32},"end":{"line":7,"column":44}},"1":{"start":{"line":8,"column":42},"end":{"line":8,"column":57}},"2":{"start":{"line":10,"column":20},"end":{"line":19,"column":3}},"3":{"start":{"line":21,"column":1},"end":{"line":24,"column":7}},"4":{"start":{"line":22,"column":16},"end":{"line":22,"column":47}},"5":{"start":{"line":23,"column":3},"end":{"line":23,"column":44}},"6":{"start":{"line":23,"column":14},"end":{"line":23,"column":44}},"7":{"start":{"line":28,"column":23},"end":{"line":28,"column":44}},"8":{"start":{"line":29,"column":2},"end":{"line":29,"column":27}},"9":{"start":{"line":30,"column":2},"end":{"line":30,"column":63}},"10":{"start":{"line":31,"column":2},"end":{"line":31,"column":24}},"11":{"start":{"line":35,"column":22},"end":{"line":35,"column":58}},"12":{"start":{"line":35,"column":46},"end":{"line":35,"column":57}},"13":{"start":{"line":36,"column":1},"end":{"line":36,"column":26}},"14":{"start":{"line":37,"column":1},"end":{"line":37,"column":62}},"15":{"start":{"line":40,"column":2},"end":{"line":104,"column":4}},"16":{"start":{"line":49,"column":10},"end":{"line":59,"column":16}},"17":{"start":{"line":54,"column":29},"end":{"line":54,"column":51}},"18":{"start":{"line":74,"column":16},"end":{"line":87,"column":21}},"19":{"start":{"line":79,"column":35},"end":{"line":79,"column":60}},"20":{"start":{"line":93,"column":27},"end":{"line":93,"column":49}}},"fnMap":{"0":{"name":"Juguetes","decl":{"start":{"line":6,"column":24},"end":{"line":6,"column":32}},"loc":{"start":{"line":6,"column":35},"end":{"line":105,"column":1}},"line":6},"1":{"name":"(anonymous_1)","decl":{"start":{"line":21,"column":11},"end":{"line":21,"column":12}},"loc":{"start":{"line":21,"column":15},"end":{"line":24,"column":2}},"line":21},"2":{"name":"agregarAlCarrito","decl":{"start":{"line":27,"column":10},"end":{"line":27,"column":26}},"loc":{"start":{"line":27,"column":37},"end":{"line":32,"column":2}},"line":27},"3":{"name":"eliminarDelCarrito","decl":{"start":{"line":34,"column":10},"end":{"line":34,"column":28}},"loc":{"start":{"line":34,"column":36},"end":{"line":38,"column":2}},"line":34},"4":{"name":"(anonymous_4)","decl":{"start":{"line":35,"column":37},"end":{"line":35,"column":38}},"loc":{"start":{"line":35,"column":46},"end":{"line":35,"column":57}},"line":35},"5":{"name":"(anonymous_5)","decl":{"start":{"line":48,"column":23},"end":{"line":48,"column":24}},"loc":{"start":{"line":49,"column":10},"end":{"line":59,"column":16}},"line":49},"6":{"name":"(anonymous_6)","decl":{"start":{"line":54,"column":23},"end":{"line":54,"column":24}},"loc":{"start":{"line":54,"column":29},"end":{"line":54,"column":51}},"line":54},"7":{"name":"(anonymous_7)","decl":{"start":{"line":73,"column":27},"end":{"line":73,"column":28}},"loc":{"start":{"line":74,"column":16},"end":{"line":87,"column":21}},"line":74},"8":{"name":"(anonymous_8)","decl":{"start":{"line":79,"column":29},"end":{"line":79,"column":30}},"loc":{"start":{"line":79,"column":35},"end":{"line":79,"column":60}},"line":79},"9":{"name":"(anonymous_9)","decl":{"start":{"line":93,"column":21},"end":{"line":93,"column":22}},"loc":{"start":{"line":93,"column":27},"end":{"line":93,"column":49}},"line":93}},"branchMap":{"0":{"loc":{"start":{"line":23,"column":3},"end":{"line":23,"column":44}},"type":"if","locations":[{"start":{"line":23,"column":3},"end":{"line":23,"column":44}},{"start":{},"end":{}}],"line":23},"1":{"loc":{"start":{"line":63,"column":7},"end":{"line":102,"column":7}},"type":"binary-expr","locations":[{"start":{"line":63,"column":7},"end":{"line":63,"column":19}},{"start":{"line":64,"column":8},"end":{"line":101,"column":14}}],"line":63},"2":{"loc":{"start":{"line":69,"column":11},"end":{"line":90,"column":11}},"type":"cond-expr","locations":[{"start":{"line":70,"column":12},"end":{"line":70,"column":39}},{"start":{"line":72,"column":12},"end":{"line":89,"column":17}}],"line":69}},"s":{"0":0,"1":0,"2":0,"3":0,"4":0,"5":0,"6":0,"7":0,"8":0,"9":0,"10":0,"11":0,"12":0,"13":0,"14":0,"15":0,"16":0,"17":0,"18":0,"19":0,"20":0},"f":{"0":0,"1":0,"2":0,"3":0,"4":0,"5":0,"6":0,"7":0,"8":0,"9":0},"b":{"0":[0,0],"1":[0,0],"2":[0,0]}}
,"/home/estudiante/Documentos/Proyecto_VetLife-Leonardo-Brigit-Ana/VetLifeTest/src/components/Otros.jsx": {"path":"/home/estudiante/Documentos/Proyecto_VetLife-Leonardo-Brigit-Ana/VetLifeTest/src/components/Otros.jsx","statementMap":{"0":{"start":{"line":7,"column":32},"end":{"line":7,"column":44}},"1":{"start":{"line":8,"column":42},"end":{"line":8,"column":57}},"2":{"start":{"line":10,"column":20},"end":{"line":19,"column":3}},"3":{"start":{"line":21,"column":1},"end":{"line":24,"column":7}},"4":{"start":{"line":22,"column":16},"end":{"line":22,"column":47}},"5":{"start":{"line":23,"column":3},"end":{"line":23,"column":44}},"6":{"start":{"line":23,"column":14},"end":{"line":23,"column":44}},"7":{"start":{"line":28,"column":23},"end":{"line":28,"column":44}},"8":{"start":{"line":29,"column":2},"end":{"line":29,"column":27}},"9":{"start":{"line":30,"column":2},"end":{"line":30,"column":63}},"10":{"start":{"line":31,"column":2},"end":{"line":31,"column":24}},"11":{"start":{"line":35,"column":22},"end":{"line":35,"column":58}},"12":{"start":{"line":35,"column":46},"end":{"line":35,"column":57}},"13":{"start":{"line":36,"column":1},"end":{"line":36,"column":26}},"14":{"start":{"line":37,"column":1},"end":{"line":37,"column":62}},"15":{"start":{"line":41,"column":2},"end":{"line":102,"column":4}},"16":{"start":{"line":49,"column":10},"end":{"line":58,"column":16}},"17":{"start":{"line":53,"column":29},"end":{"line":53,"column":51}},"18":{"start":{"line":74,"column":16},"end":{"line":85,"column":21}},"19":{"start":{"line":79,"column":35},"end":{"line":79,"column":60}},"20":{"start":{"line":91,"column":27},"end":{"line":91,"column":49}}},"fnMap":{"0":{"name":"Otros","decl":{"start":{"line":6,"column":24},"end":{"line":6,"column":29}},"loc":{"start":{"line":6,"column":32},"end":{"line":103,"column":1}},"line":6},"1":{"name":"(anonymous_1)","decl":{"start":{"line":21,"column":11},"end":{"line":21,"column":12}},"loc":{"start":{"line":21,"column":15},"end":{"line":24,"column":2}},"line":21},"2":{"name":"agregarAlCarrito","decl":{"start":{"line":27,"column":10},"end":{"line":27,"column":26}},"loc":{"start":{"line":27,"column":37},"end":{"line":32,"column":2}},"line":27},"3":{"name":"eliminarDelCarrito","decl":{"start":{"line":34,"column":10},"end":{"line":34,"column":28}},"loc":{"start":{"line":34,"column":36},"end":{"line":39,"column":2}},"line":34},"4":{"name":"(anonymous_4)","decl":{"start":{"line":35,"column":37},"end":{"line":35,"column":38}},"loc":{"start":{"line":35,"column":46},"end":{"line":35,"column":57}},"line":35},"5":{"name":"(anonymous_5)","decl":{"start":{"line":48,"column":23},"end":{"line":48,"column":24}},"loc":{"start":{"line":49,"column":10},"end":{"line":58,"column":16}},"line":49},"6":{"name":"(anonymous_6)","decl":{"start":{"line":53,"column":23},"end":{"line":53,"column":24}},"loc":{"start":{"line":53,"column":29},"end":{"line":53,"column":51}},"line":53},"7":{"name":"(anonymous_7)","decl":{"start":{"line":73,"column":27},"end":{"line":73,"column":28}},"loc":{"start":{"line":74,"column":16},"end":{"line":85,"column":21}},"line":74},"8":{"name":"(anonymous_8)","decl":{"start":{"line":79,"column":29},"end":{"line":79,"column":30}},"loc":{"start":{"line":79,"column":35},"end":{"line":79,"column":60}},"line":79},"9":{"name":"(anonymous_9)","decl":{"start":{"line":91,"column":21},"end":{"line":91,"column":22}},"loc":{"start":{"line":91,"column":27},"end":{"line":91,"column":49}},"line":91}},"branchMap":{"0":{"loc":{"start":{"line":23,"column":3},"end":{"line":23,"column":44}},"type":"if","locations":[{"start":{"line":23,"column":3},"end":{"line":23,"column":44}},{"start":{},"end":{}}],"line":23},"1":{"loc":{"start":{"line":63,"column":7},"end":{"line":100,"column":7}},"type":"binary-expr","locations":[{"start":{"line":63,"column":7},"end":{"line":63,"column":19}},{"start":{"line":64,"column":8},"end":{"line":99,"column":14}}],"line":63},"2":{"loc":{"start":{"line":69,"column":11},"end":{"line":88,"column":11}},"type":"cond-expr","locations":[{"start":{"line":70,"column":12},"end":{"line":70,"column":39}},{"start":{"line":72,"column":12},"end":{"line":87,"column":17}}],"line":69}},"s":{"0":0,"1":0,"2":0,"3":0,"4":0,"5":0,"6":0,"7":0,"8":0,"9":0,"10":0,"11":0,"12":0,"13":0,"14":0,"15":0,"16":0,"17":0,"18":0,"19":0,"20":0},"f":{"0":0,"1":0,"2":0,"3":0,"4":0,"5":0,"6":0,"7":0,"8":0,"9":0},"b":{"0":[0,0],"1":[0,0],"2":[0,0]}}
,"/home/estudiante/Documentos/Proyecto_VetLife-Leonardo-Brigit-Ana/VetLifeTest/src/components/Perfil.jsx": {"path":"/home/estudiante/Documentos/Proyecto_VetLife-Leonardo-Brigit-Ana/VetLifeTest/src/components/Perfil.jsx","statementMap":{"0":{"start":{"line":5,"column":2},"end":{"line":10,"column":4}}},"fnMap":{"0":{"name":"Perfil","decl":{"start":{"line":3,"column":24},"end":{"line":3,"column":30}},"loc":{"start":{"line":3,"column":33},"end":{"line":11,"column":1}},"line":3}},"branchMap":{},"s":{"0":0},"f":{"0":0},"b":{}}
,"/home/estudiante/Documentos/Proyecto_VetLife-Leonardo-Brigit-Ana/VetLifeTest/src/components/Reserva.jsx": {"path":"/home/estudiante/Documentos/Proyecto_VetLife-Leonardo-Brigit-Ana/VetLifeTest/src/components/Reserva.jsx","statementMap":{"0":{"start":{"line":4,"column":20},"end":{"line":4,"column":57}},"1":{"start":{"line":5,"column":30},"end":{"line":5,"column":45}},"2":{"start":{"line":7,"column":2},"end":{"line":15,"column":4}},"3":{"start":{"line":12,"column":31},"end":{"line":12,"column":46}}},"fnMap":{"0":{"name":"Reserva","decl":{"start":{"line":3,"column":24},"end":{"line":3,"column":31}},"loc":{"start":{"line":3,"column":34},"end":{"line":16,"column":1}},"line":3},"1":{"name":"(anonymous_1)","decl":{"start":{"line":12,"column":25},"end":{"line":12,"column":26}},"loc":{"start":{"line":12,"column":31},"end":{"line":12,"column":46}},"line":12}},"branchMap":{"0":{"loc":{"start":{"line":9,"column":7},"end":{"line":13,"column":7}},"type":"cond-expr","locations":[{"start":{"line":10,"column":8},"end":{"line":10,"column":26}},{"start":{"line":12,"column":8},"end":{"line":12,"column":80}}],"line":9}},"s":{"0":0,"1":0,"2":0,"3":0},"f":{"0":0,"1":0},"b":{"0":[0,0]}}
,"/home/estudiante/Documentos/Proyecto_VetLife-Leonardo-Brigit-Ana/VetLifeTest/src/components/Shampoo.jsx": {"path":"/home/estudiante/Documentos/Proyecto_VetLife-Leonardo-Brigit-Ana/VetLifeTest/src/components/Shampoo.jsx","statementMap":{"0":{"start":{"line":7,"column":32},"end":{"line":7,"column":44}},"1":{"start":{"line":8,"column":42},"end":{"line":8,"column":57}},"2":{"start":{"line":10,"column":20},"end":{"line":20,"column":3}},"3":{"start":{"line":22,"column":1},"end":{"line":25,"column":7}},"4":{"start":{"line":23,"column":16},"end":{"line":23,"column":47}},"5":{"start":{"line":24,"column":3},"end":{"line":24,"column":44}},"6":{"start":{"line":24,"column":14},"end":{"line":24,"column":44}},"7":{"start":{"line":30,"column":24},"end":{"line":30,"column":45}},"8":{"start":{"line":31,"column":3},"end":{"line":31,"column":28}},"9":{"start":{"line":32,"column":3},"end":{"line":32,"column":64}},"10":{"start":{"line":33,"column":3},"end":{"line":33,"column":25}},"11":{"start":{"line":37,"column":23},"end":{"line":37,"column":59}},"12":{"start":{"line":37,"column":47},"end":{"line":37,"column":58}},"13":{"start":{"line":38,"column":2},"end":{"line":38,"column":27}},"14":{"start":{"line":39,"column":2},"end":{"line":39,"column":63}},"15":{"start":{"line":42,"column":2},"end":{"line":103,"column":4}},"16":{"start":{"line":50,"column":10},"end":{"line":59,"column":16}},"17":{"start":{"line":54,"column":29},"end":{"line":54,"column":51}},"18":{"start":{"line":75,"column":16},"end":{"line":86,"column":21}},"19":{"start":{"line":80,"column":35},"end":{"line":80,"column":60}},"20":{"start":{"line":92,"column":27},"end":{"line":92,"column":49}}},"fnMap":{"0":{"name":"Shampoo","decl":{"start":{"line":6,"column":24},"end":{"line":6,"column":31}},"loc":{"start":{"line":6,"column":34},"end":{"line":104,"column":1}},"line":6},"1":{"name":"(anonymous_1)","decl":{"start":{"line":22,"column":11},"end":{"line":22,"column":12}},"loc":{"start":{"line":22,"column":15},"end":{"line":25,"column":2}},"line":22},"2":{"name":"agregarAlCarrito","decl":{"start":{"line":29,"column":11},"end":{"line":29,"column":27}},"loc":{"start":{"line":29,"column":38},"end":{"line":34,"column":3}},"line":29},"3":{"name":"eliminarDelCarrito","decl":{"start":{"line":36,"column":11},"end":{"line":36,"column":29}},"loc":{"start":{"line":36,"column":37},"end":{"line":40,"column":3}},"line":36},"4":{"name":"(anonymous_4)","decl":{"start":{"line":37,"column":38},"end":{"line":37,"column":39}},"loc":{"start":{"line":37,"column":47},"end":{"line":37,"column":58}},"line":37},"5":{"name":"(anonymous_5)","decl":{"start":{"line":49,"column":23},"end":{"line":49,"column":24}},"loc":{"start":{"line":50,"column":10},"end":{"line":59,"column":16}},"line":50},"6":{"name":"(anonymous_6)","decl":{"start":{"line":54,"column":23},"end":{"line":54,"column":24}},"loc":{"start":{"line":54,"column":29},"end":{"line":54,"column":51}},"line":54},"7":{"name":"(anonymous_7)","decl":{"start":{"line":74,"column":27},"end":{"line":74,"column":28}},"loc":{"start":{"line":75,"column":16},"end":{"line":86,"column":21}},"line":75},"8":{"name":"(anonymous_8)","decl":{"start":{"line":80,"column":29},"end":{"line":80,"column":30}},"loc":{"start":{"line":80,"column":35},"end":{"line":80,"column":60}},"line":80},"9":{"name":"(anonymous_9)","decl":{"start":{"line":92,"column":21},"end":{"line":92,"column":22}},"loc":{"start":{"line":92,"column":27},"end":{"line":92,"column":49}},"line":92}},"branchMap":{"0":{"loc":{"start":{"line":24,"column":3},"end":{"line":24,"column":44}},"type":"if","locations":[{"start":{"line":24,"column":3},"end":{"line":24,"column":44}},{"start":{},"end":{}}],"line":24},"1":{"loc":{"start":{"line":64,"column":7},"end":{"line":101,"column":7}},"type":"binary-expr","locations":[{"start":{"line":64,"column":7},"end":{"line":64,"column":19}},{"start":{"line":65,"column":8},"end":{"line":100,"column":14}}],"line":64},"2":{"loc":{"start":{"line":70,"column":11},"end":{"line":89,"column":11}},"type":"cond-expr","locations":[{"start":{"line":71,"column":12},"end":{"line":71,"column":39}},{"start":{"line":73,"column":12},"end":{"line":88,"column":17}}],"line":70}},"s":{"0":0,"1":0,"2":0,"3":0,"4":0,"5":0,"6":0,"7":0,"8":0,"9":0,"10":0,"11":0,"12":0,"13":0,"14":0,"15":0,"16":0,"17":0,"18":0,"19":0,"20":0},"f":{"0":0,"1":0,"2":0,"3":0,"4":0,"5":0,"6":0,"7":0,"8":0,"9":0},"b":{"0":[0,0],"1":[0,0],"2":[0,0]}}
,"/home/estudiante/Documentos/Proyecto_VetLife-Leonardo-Brigit-Ana/VetLifeTest/src/components/camas.jsx": {"path":"/home/estudiante/Documentos/Proyecto_VetLife-Leonardo-Brigit-Ana/VetLifeTest/src/components/camas.jsx","statementMap":{"0":{"start":{"line":7,"column":32},"end":{"line":7,"column":44}},"1":{"start":{"line":8,"column":42},"end":{"line":8,"column":57}},"2":{"start":{"line":10,"column":20},"end":{"line":19,"column":3}},"3":{"start":{"line":21,"column":1},"end":{"line":24,"column":7}},"4":{"start":{"line":22,"column":16},"end":{"line":22,"column":47}},"5":{"start":{"line":23,"column":3},"end":{"line":23,"column":44}},"6":{"start":{"line":23,"column":14},"end":{"line":23,"column":44}},"7":{"start":{"line":28,"column":23},"end":{"line":28,"column":44}},"8":{"start":{"line":29,"column":2},"end":{"line":29,"column":27}},"9":{"start":{"line":30,"column":2},"end":{"line":30,"column":63}},"10":{"start":{"line":31,"column":2},"end":{"line":31,"column":24}},"11":{"start":{"line":35,"column":22},"end":{"line":35,"column":58}},"12":{"start":{"line":35,"column":46},"end":{"line":35,"column":57}},"13":{"start":{"line":36,"column":1},"end":{"line":36,"column":26}},"14":{"start":{"line":37,"column":1},"end":{"line":37,"column":62}},"15":{"start":{"line":41,"column":2},"end":{"line":102,"column":4}},"16":{"start":{"line":49,"column":10},"end":{"line":58,"column":16}},"17":{"start":{"line":53,"column":29},"end":{"line":53,"column":51}},"18":{"start":{"line":74,"column":16},"end":{"line":85,"column":21}},"19":{"start":{"line":79,"column":35},"end":{"line":79,"column":60}},"20":{"start":{"line":91,"column":27},"end":{"line":91,"column":49}}},"fnMap":{"0":{"name":"Camas","decl":{"start":{"line":6,"column":24},"end":{"line":6,"column":29}},"loc":{"start":{"line":6,"column":32},"end":{"line":103,"column":1}},"line":6},"1":{"name":"(anonymous_1)","decl":{"start":{"line":21,"column":11},"end":{"line":21,"column":12}},"loc":{"start":{"line":21,"column":15},"end":{"line":24,"column":2}},"line":21},"2":{"name":"agregarAlCarrito","decl":{"start":{"line":27,"column":10},"end":{"line":27,"column":26}},"loc":{"start":{"line":27,"column":37},"end":{"line":32,"column":2}},"line":27},"3":{"name":"eliminarDelCarrito","decl":{"start":{"line":34,"column":10},"end":{"line":34,"column":28}},"loc":{"start":{"line":34,"column":36},"end":{"line":39,"column":2}},"line":34},"4":{"name":"(anonymous_4)","decl":{"start":{"line":35,"column":37},"end":{"line":35,"column":38}},"loc":{"start":{"line":35,"column":46},"end":{"line":35,"column":57}},"line":35},"5":{"name":"(anonymous_5)","decl":{"start":{"line":48,"column":23},"end":{"line":48,"column":24}},"loc":{"start":{"line":49,"column":10},"end":{"line":58,"column":16}},"line":49},"6":{"name":"(anonymous_6)","decl":{"start":{"line":53,"column":23},"end":{"line":53,"column":24}},"loc":{"start":{"line":53,"column":29},"end":{"line":53,"column":51}},"line":53},"7":{"name":"(anonymous_7)","decl":{"start":{"line":73,"column":27},"end":{"line":73,"column":28}},"loc":{"start":{"line":74,"column":16},"end":{"line":85,"column":21}},"line":74},"8":{"name":"(anonymous_8)","decl":{"start":{"line":79,"column":29},"end":{"line":79,"column":30}},"loc":{"start":{"line":79,"column":35},"end":{"line":79,"column":60}},"line":79},"9":{"name":"(anonymous_9)","decl":{"start":{"line":91,"column":21},"end":{"line":91,"column":22}},"loc":{"start":{"line":91,"column":27},"end":{"line":91,"column":49}},"line":91}},"branchMap":{"0":{"loc":{"start":{"line":23,"column":3},"end":{"line":23,"column":44}},"type":"if","locations":[{"start":{"line":23,"column":3},"end":{"line":23,"column":44}},{"start":{},"end":{}}],"line":23},"1":{"loc":{"start":{"line":63,"column":7},"end":{"line":100,"column":7}},"type":"binary-expr","locations":[{"start":{"line":63,"column":7},"end":{"line":63,"column":19}},{"start":{"line":64,"column":8},"end":{"line":99,"column":14}}],"line":63},"2":{"loc":{"start":{"line":69,"column":11},"end":{"line":88,"column":11}},"type":"cond-expr","locations":[{"start":{"line":70,"column":12},"end":{"line":70,"column":39}},{"start":{"line":72,"column":12},"end":{"line":87,"column":17}}],"line":69}},"s":{"0":0,"1":0,"2":0,"3":0,"4":0,"5":0,"6":0,"7":0,"8":0,"9":0,"10":0,"11":0,"12":0,"13":0,"14":0,"15":0,"16":0,"17":0,"18":0,"19":0,"20":0},"f":{"0":0,"1":0,"2":0,"3":0,"4":0,"5":0,"6":0,"7":0,"8":0,"9":0},"b":{"0":[0,0],"1":[0,0],"2":[0,0]}}
,"/home/estudiante/Documentos/Proyecto_VetLife-Leonardo-Brigit-Ana/VetLifeTest/src/components/cardiologia.jsx": {"path":"/home/estudiante/Documentos/Proyecto_VetLife-Leonardo-Brigit-Ana/VetLifeTest/src/components/cardiologia.jsx","statementMap":{"0":{"start":{"line":6,"column":19},"end":{"line":6,"column":32}},"1":{"start":{"line":7,"column":26},"end":{"line":9,"column":5}},"2":{"start":{"line":8,"column":8},"end":{"line":8,"column":42}},"3":{"start":{"line":10,"column":4},"end":{"line":26,"column":6}},"4":{"start":{"line":23,"column":86},"end":{"line":23,"column":96}}},"fnMap":{"0":{"name":"Cardiologia","decl":{"start":{"line":5,"column":24},"end":{"line":5,"column":35}},"loc":{"start":{"line":5,"column":37},"end":{"line":27,"column":1}},"line":5},"1":{"name":"(anonymous_1)","decl":{"start":{"line":7,"column":26},"end":{"line":7,"column":27}},"loc":{"start":{"line":7,"column":32},"end":{"line":9,"column":5}},"line":7},"2":{"name":"(anonymous_2)","decl":{"start":{"line":23,"column":81},"end":{"line":23,"column":82}},"loc":{"start":{"line":23,"column":86},"end":{"line":23,"column":96}},"line":23}},"branchMap":{},"s":{"0":0,"1":0,"2":0,"3":0,"4":0},"f":{"0":0,"1":0,"2":0},"b":{}}
,"/home/estudiante/Documentos/Proyecto_VetLife-Leonardo-Brigit-Ana/VetLifeTest/src/components/cirujiaGeneral.jsx": {"path":"/home/estudiante/Documentos/Proyecto_VetLife-Leonardo-Brigit-Ana/VetLifeTest/src/components/cirujiaGeneral.jsx","statementMap":{"0":{"start":{"line":6,"column":19},"end":{"line":6,"column":32}},"1":{"start":{"line":7,"column":26},"end":{"line":9,"column":5}},"2":{"start":{"line":8,"column":8},"end":{"line":8,"column":46}},"3":{"start":{"line":10,"column":4},"end":{"line":30,"column":6}},"4":{"start":{"line":27,"column":86},"end":{"line":27,"column":96}}},"fnMap":{"0":{"name":"CirujiaGeneral","decl":{"start":{"line":5,"column":24},"end":{"line":5,"column":38}},"loc":{"start":{"line":5,"column":40},"end":{"line":31,"column":1}},"line":5},"1":{"name":"(anonymous_1)","decl":{"start":{"line":7,"column":26},"end":{"line":7,"column":27}},"loc":{"start":{"line":7,"column":32},"end":{"line":9,"column":5}},"line":7},"2":{"name":"(anonymous_2)","decl":{"start":{"line":27,"column":81},"end":{"line":27,"column":82}},"loc":{"start":{"line":27,"column":86},"end":{"line":27,"column":96}},"line":27}},"branchMap":{},"s":{"0":0,"1":0,"2":0,"3":0,"4":0},"f":{"0":0,"1":0,"2":0},"b":{}}
,"/home/estudiante/Documentos/Proyecto_VetLife-Leonardo-Brigit-Ana/VetLifeTest/src/components/cirujias.jsx": {"path":"/home/estudiante/Documentos/Proyecto_VetLife-Leonardo-Brigit-Ana/VetLifeTest/src/components/cirujias.jsx","statementMap":{"0":{"start":{"line":5,"column":27},"end":{"line":15,"column":7}},"1":{"start":{"line":16,"column":4},"end":{"line":37,"column":6}},"2":{"start":{"line":28,"column":10},"end":{"line":31,"column":17}}},"fnMap":{"0":{"name":"Cirujias","decl":{"start":{"line":4,"column":24},"end":{"line":4,"column":32}},"loc":{"start":{"line":4,"column":34},"end":{"line":38,"column":1}},"line":4},"1":{"name":"(anonymous_1)","decl":{"start":{"line":27,"column":28},"end":{"line":27,"column":29}},"loc":{"start":{"line":28,"column":10},"end":{"line":31,"column":17}},"line":28}},"branchMap":{},"s":{"0":0,"1":0,"2":0},"f":{"0":0,"1":0},"b":{}}
,"/home/estudiante/Documentos/Proyecto_VetLife-Leonardo-Brigit-Ana/VetLifeTest/src/components/collares.jsx": {"path":"/home/estudiante/Documentos/Proyecto_VetLife-Leonardo-Brigit-Ana/VetLifeTest/src/components/collares.jsx","statementMap":{"0":{"start":{"line":7,"column":32},"end":{"line":7,"column":44}},"1":{"start":{"line":8,"column":42},"end":{"line":8,"column":57}},"2":{"start":{"line":10,"column":20},"end":{"line":19,"column":3}},"3":{"start":{"line":21,"column":1},"end":{"line":24,"column":7}},"4":{"start":{"line":22,"column":16},"end":{"line":22,"column":47}},"5":{"start":{"line":23,"column":3},"end":{"line":23,"column":44}},"6":{"start":{"line":23,"column":14},"end":{"line":23,"column":44}},"7":{"start":{"line":28,"column":23},"end":{"line":28,"column":44}},"8":{"start":{"line":29,"column":2},"end":{"line":29,"column":27}},"9":{"start":{"line":30,"column":2},"end":{"line":30,"column":63}},"10":{"start":{"line":31,"column":2},"end":{"line":31,"column":24}},"11":{"start":{"line":35,"column":22},"end":{"line":35,"column":58}},"12":{"start":{"line":35,"column":46},"end":{"line":35,"column":57}},"13":{"start":{"line":36,"column":1},"end":{"line":36,"column":26}},"14":{"start":{"line":37,"column":1},"end":{"line":37,"column":62}},"15":{"start":{"line":41,"column":2},"end":{"line":102,"column":4}},"16":{"start":{"line":49,"column":10},"end":{"line":58,"column":16}},"17":{"start":{"line":53,"column":29},"end":{"line":53,"column":51}},"18":{"start":{"line":74,"column":16},"end":{"line":85,"column":21}},"19":{"start":{"line":79,"column":35},"end":{"line":79,"column":60}},"20":{"start":{"line":91,"column":27},"end":{"line":91,"column":49}}},"fnMap":{"0":{"name":"Collares","decl":{"start":{"line":6,"column":24},"end":{"line":6,"column":32}},"loc":{"start":{"line":6,"column":35},"end":{"line":103,"column":1}},"line":6},"1":{"name":"(anonymous_1)","decl":{"start":{"line":21,"column":11},"end":{"line":21,"column":12}},"loc":{"start":{"line":21,"column":15},"end":{"line":24,"column":2}},"line":21},"2":{"name":"agregarAlCarrito","decl":{"start":{"line":27,"column":10},"end":{"line":27,"column":26}},"loc":{"start":{"line":27,"column":37},"end":{"line":32,"column":2}},"line":27},"3":{"name":"eliminarDelCarrito","decl":{"start":{"line":34,"column":10},"end":{"line":34,"column":28}},"loc":{"start":{"line":34,"column":36},"end":{"line":39,"column":2}},"line":34},"4":{"name":"(anonymous_4)","decl":{"start":{"line":35,"column":37},"end":{"line":35,"column":38}},"loc":{"start":{"line":35,"column":46},"end":{"line":35,"column":57}},"line":35},"5":{"name":"(anonymous_5)","decl":{"start":{"line":48,"column":23},"end":{"line":48,"column":24}},"loc":{"start":{"line":49,"column":10},"end":{"line":58,"column":16}},"line":49},"6":{"name":"(anonymous_6)","decl":{"start":{"line":53,"column":23},"end":{"line":53,"column":24}},"loc":{"start":{"line":53,"column":29},"end":{"line":53,"column":51}},"line":53},"7":{"name":"(anonymous_7)","decl":{"start":{"line":73,"column":27},"end":{"line":73,"column":28}},"loc":{"start":{"line":74,"column":16},"end":{"line":85,"column":21}},"line":74},"8":{"name":"(anonymous_8)","decl":{"start":{"line":79,"column":29},"end":{"line":79,"column":30}},"loc":{"start":{"line":79,"column":35},"end":{"line":79,"column":60}},"line":79},"9":{"name":"(anonymous_9)","decl":{"start":{"line":91,"column":21},"end":{"line":91,"column":22}},"loc":{"start":{"line":91,"column":27},"end":{"line":91,"column":49}},"line":91}},"branchMap":{"0":{"loc":{"start":{"line":23,"column":3},"end":{"line":23,"column":44}},"type":"if","locations":[{"start":{"line":23,"column":3},"end":{"line":23,"column":44}},{"start":{},"end":{}}],"line":23},"1":{"loc":{"start":{"line":63,"column":7},"end":{"line":100,"column":7}},"type":"binary-expr","locations":[{"start":{"line":63,"column":7},"end":{"line":63,"column":19}},{"start":{"line":64,"column":8},"end":{"line":99,"column":14}}],"line":63},"2":{"loc":{"start":{"line":69,"column":11},"end":{"line":88,"column":11}},"type":"cond-expr","locations":[{"start":{"line":70,"column":12},"end":{"line":70,"column":39}},{"start":{"line":72,"column":12},"end":{"line":87,"column":17}}],"line":69}},"s":{"0":0,"1":0,"2":0,"3":0,"4":0,"5":0,"6":0,"7":0,"8":0,"9":0,"10":0,"11":0,"12":0,"13":0,"14":0,"15":0,"16":0,"17":0,"18":0,"19":0,"20":0},"f":{"0":0,"1":0,"2":0,"3":0,"4":0,"5":0,"6":0,"7":0,"8":0,"9":0},"b":{"0":[0,0],"1":[0,0],"2":[0,0]}}
,"/home/estudiante/Documentos/Proyecto_VetLife-Leonardo-Brigit-Ana/VetLifeTest/src/components/comprobante.jsx": {"path":"/home/estudiante/Documentos/Proyecto_VetLife-Leonardo-Brigit-Ana/VetLifeTest/src/components/comprobante.jsx","statementMap":{"0":{"start":{"line":6,"column":32},"end":{"line":6,"column":44}},"1":{"start":{"line":7,"column":17},"end":{"line":7,"column":30}},"2":{"start":{"line":8,"column":28},"end":{"line":8,"column":40}},"3":{"start":{"line":9,"column":28},"end":{"line":9,"column":40}},"4":{"start":{"line":10,"column":34},"end":{"line":10,"column":46}},"5":{"start":{"line":11,"column":35},"end":{"line":11,"column":47}},"6":{"start":{"line":14,"column":25},"end":{"line":14,"column":61}},"7":{"start":{"line":14,"column":49},"end":{"line":14,"column":60}},"8":{"start":{"line":15,"column":4},"end":{"line":15,"column":29}},"9":{"start":{"line":16,"column":4},"end":{"line":16,"column":65}},"10":{"start":{"line":20,"column":4},"end":{"line":20,"column":23}},"11":{"start":{"line":21,"column":4},"end":{"line":21,"column":17}},"12":{"start":{"line":22,"column":4},"end":{"line":25,"column":5}},"13":{"start":{"line":23,"column":6},"end":{"line":23,"column":24}},"14":{"start":{"line":24,"column":6},"end":{"line":24,"column":13}},"15":{"start":{"line":26,"column":4},"end":{"line":29,"column":5}},"16":{"start":{"line":27,"column":6},"end":{"line":27,"column":20}},"17":{"start":{"line":28,"column":6},"end":{"line":28,"column":13}},"18":{"start":{"line":30,"column":4},"end":{"line":33,"column":5}},"19":{"start":{"line":31,"column":6},"end":{"line":31,"column":27}},"20":{"start":{"line":32,"column":6},"end":{"line":32,"column":13}},"21":{"start":{"line":34,"column":4},"end":{"line":37,"column":5}},"22":{"start":{"line":35,"column":6},"end":{"line":35,"column":33}},"23":{"start":{"line":36,"column":6},"end":{"line":36,"column":13}},"24":{"start":{"line":38,"column":4},"end":{"line":41,"column":5}},"25":{"start":{"line":39,"column":6},"end":{"line":39,"column":33}},"26":{"start":{"line":40,"column":6},"end":{"line":40,"column":13}},"27":{"start":{"line":42,"column":4},"end":{"line":45,"column":5}},"28":{"start":{"line":43,"column":6},"end":{"line":43,"column":28}},"29":{"start":{"line":44,"column":6},"end":{"line":44,"column":13}},"30":{"start":{"line":46,"column":4},"end":{"line":46,"column":24}},"31":{"start":{"line":50,"column":21},"end":{"line":50,"column":93}},"32":{"start":{"line":50,"column":58},"end":{"line":50,"column":89}},"33":{"start":{"line":53,"column":2},"end":{"line":56,"column":9}},"34":{"start":{"line":54,"column":17},"end":{"line":54,"column":48}},"35":{"start":{"line":55,"column":4},"end":{"line":55,"column":43}},"36":{"start":{"line":55,"column":14},"end":{"line":55,"column":43}},"37":{"start":{"line":60,"column":2},"end":{"line":208,"column":10}},"38":{"start":{"line":90,"column":12},"end":{"line":114,"column":17}},"39":{"start":{"line":103,"column":33},"end":{"line":103,"column":58}},"40":{"start":{"line":156,"column":27},"end":{"line":156,"column":51}},"41":{"start":{"line":170,"column":27},"end":{"line":170,"column":54}},"42":{"start":{"line":189,"column":27},"end":{"line":189,"column":55}},"43":{"start":{"line":204,"column":21},"end":{"line":204,"column":31}}},"fnMap":{"0":{"name":"Comprobante","decl":{"start":{"line":5,"column":24},"end":{"line":5,"column":35}},"loc":{"start":{"line":5,"column":38},"end":{"line":209,"column":1}},"line":5},"1":{"name":"eliminarDelCarrito","decl":{"start":{"line":13,"column":11},"end":{"line":13,"column":29}},"loc":{"start":{"line":13,"column":37},"end":{"line":17,"column":3}},"line":13},"2":{"name":"(anonymous_2)","decl":{"start":{"line":14,"column":40},"end":{"line":14,"column":41}},"loc":{"start":{"line":14,"column":49},"end":{"line":14,"column":60}},"line":14},"3":{"name":"verificarDatos","decl":{"start":{"line":19,"column":11},"end":{"line":19,"column":25}},"loc":{"start":{"line":19,"column":28},"end":{"line":47,"column":3}},"line":19},"4":{"name":"(anonymous_4)","decl":{"start":{"line":50,"column":36},"end":{"line":50,"column":37}},"loc":{"start":{"line":50,"column":58},"end":{"line":50,"column":89}},"line":50},"5":{"name":"(anonymous_5)","decl":{"start":{"line":53,"column":12},"end":{"line":53,"column":13}},"loc":{"start":{"line":53,"column":18},"end":{"line":56,"column":3}},"line":53},"6":{"name":"(anonymous_6)","decl":{"start":{"line":89,"column":23},"end":{"line":89,"column":24}},"loc":{"start":{"line":90,"column":12},"end":{"line":114,"column":17}},"line":90},"7":{"name":"(anonymous_7)","decl":{"start":{"line":103,"column":27},"end":{"line":103,"column":28}},"loc":{"start":{"line":103,"column":33},"end":{"line":103,"column":58}},"line":103},"8":{"name":"(anonymous_8)","decl":{"start":{"line":156,"column":20},"end":{"line":156,"column":21}},"loc":{"start":{"line":156,"column":27},"end":{"line":156,"column":51}},"line":156},"9":{"name":"(anonymous_9)","decl":{"start":{"line":170,"column":20},"end":{"line":170,"column":21}},"loc":{"start":{"line":170,"column":27},"end":{"line":170,"column":54}},"line":170},"10":{"name":"(anonymous_10)","decl":{"start":{"line":189,"column":20},"end":{"line":189,"column":21}},"loc":{"start":{"line":189,"column":27},"end":{"line":189,"column":55}},"line":189},"11":{"name":"(anonymous_11)","decl":{"start":{"line":204,"column":15},"end":{"line":204,"column":16}},"loc":{"start":{"line":204,"column":21},"end":{"line":204,"column":31}},"line":204}},"branchMap":{"0":{"loc":{"start":{"line":22,"column":4},"end":{"line":25,"column":5}},"type":"if","locations":[{"start":{"line":22,"column":4},"end":{"line":25,"column":5}},{"start":{},"end":{}}],"line":22},"1":{"loc":{"start":{"line":26,"column":4},"end":{"line":29,"column":5}},"type":"if","locations":[{"start":{"line":26,"column":4},"end":{"line":29,"column":5}},{"start":{},"end":{}}],"line":26},"2":{"loc":{"start":{"line":30,"column":4},"end":{"line":33,"column":5}},"type":"if","locations":[{"start":{"line":30,"column":4},"end":{"line":33,"column":5}},{"start":{},"end":{}}],"line":30},"3":{"loc":{"start":{"line":34,"column":4},"end":{"line":37,"column":5}},"type":"if","locations":[{"start":{"line":34,"column":4},"end":{"line":37,"column":5}},{"start":{},"end":{}}],"line":34},"4":{"loc":{"start":{"line":38,"column":4},"end":{"line":41,"column":5}},"type":"if","locations":[{"start":{"line":38,"column":4},"end":{"line":41,"column":5}},{"start":{},"end":{}}],"line":38},"5":{"loc":{"start":{"line":42,"column":4},"end":{"line":45,"column":5}},"type":"if","locations":[{"start":{"line":42,"column":4},"end":{"line":45,"column":5}},{"start":{},"end":{}}],"line":42},"6":{"loc":{"start":{"line":50,"column":72},"end":{"line":50,"column":88}},"type":"binary-expr","locations":[{"start":{"line":50,"column":72},"end":{"line":50,"column":83}},{"start":{"line":50,"column":87},"end":{"line":50,"column":88}}],"line":50},"7":{"loc":{"start":{"line":55,"column":4},"end":{"line":55,"column":43}},"type":"if","locations":[{"start":{"line":55,"column":4},"end":{"line":55,"column":43}},{"start":{},"end":{}}],"line":55},"8":{"loc":{"start":{"line":68,"column":5},"end":{"line":118,"column":5}},"type":"cond-expr","locations":[{"start":{"line":69,"column":6},"end":{"line":71,"column":10}},{"start":{"line":73,"column":6},"end":{"line":117,"column":14}}],"line":68},"9":{"loc":{"start":{"line":94,"column":33},"end":{"line":94,"column":72}},"type":"cond-expr","locations":[{"start":{"line":94,"column":51},"end":{"line":94,"column":60}},{"start":{"line":94,"column":63},"end":{"line":94,"column":72}}],"line":94},"10":{"loc":{"start":{"line":121,"column":5},"end":{"line":140,"column":5}},"type":"binary-expr","locations":[{"start":{"line":121,"column":5},"end":{"line":121,"column":23}},{"start":{"line":122,"column":6},"end":{"line":139,"column":12}}],"line":121},"11":{"loc":{"start":{"line":159,"column":7},"end":{"line":159,"column":78}},"type":"binary-expr","locations":[{"start":{"line":159,"column":7},"end":{"line":159,"column":20}},{"start":{"line":159,"column":24},"end":{"line":159,"column":78}}],"line":159},"12":{"loc":{"start":{"line":160,"column":7},"end":{"line":162,"column":7}},"type":"binary-expr","locations":[{"start":{"line":160,"column":7},"end":{"line":160,"column":24}},{"start":{"line":161,"column":8},"end":{"line":161,"column":69}}],"line":160},"13":{"loc":{"start":{"line":173,"column":7},"end":{"line":175,"column":7}},"type":"binary-expr","locations":[{"start":{"line":173,"column":7},"end":{"line":173,"column":27}},{"start":{"line":174,"column":8},"end":{"line":174,"column":69}}],"line":173},"14":{"loc":{"start":{"line":176,"column":7},"end":{"line":178,"column":7}},"type":"binary-expr","locations":[{"start":{"line":176,"column":7},"end":{"line":176,"column":33}},{"start":{"line":177,"column":8},"end":{"line":177,"column":72}}],"line":176},"15":{"loc":{"start":{"line":179,"column":7},"end":{"line":181,"column":7}},"type":"binary-expr","locations":[{"start":{"line":179,"column":7},"end":{"line":179,"column":33}},{"start":{"line":180,"column":8},"end":{"line":180,"column":72}}],"line":179},"16":{"loc":{"start":{"line":192,"column":7},"end":{"line":194,"column":7}},"type":"binary-expr","locations":[{"start":{"line":192,"column":7},"end":{"line":192,"column":28}},{"start":{"line":193,"column":8},"end":{"line":193,"column":64}}],"line":192}},"s":{"0":0,"1":0,"2":0,"3":0,"4":0,"5":0,"6":0,"7":0,"8":0,"9":0,"10":0,"11":0,"12":0,"13":0,"14":0,"15":0,"16":0,"17":0,"18":0,"19":0,"20":0,"21":0,"22":0,"23":0,"24":0,"25":0,"26":0,"27":0,"28":0,"29":0,"30":0,"31":0,"32":0,"33":0,"34":0,"35":0,"36":0,"37":0,"38":0,"39":0,"40":0,"41":0,"42":0,"43":0},"f":{"0":0,"1":0,"2":0,"3":0,"4":0,"5":0,"6":0,"7":0,"8":0,"9":0,"10":0,"11":0},"b":{"0":[0,0],"1":[0,0],"2":[0,0],"3":[0,0],"4":[0,0],"5":[0,0],"6":[0,0],"7":[0,0],"8":[0,0],"9":[0,0],"10":[0,0],"11":[0,0],"12":[0,0],"13":[0,0],"14":[0,0],"15":[0,0],"16":[0,0]}}
,"/home/estudiante/Documentos/Proyecto_VetLife-Leonardo-Brigit-Ana/VetLifeTest/src/components/conejos.jsx": {"path":"/home/estudiante/Documentos/Proyecto_VetLife-Leonardo-Brigit-Ana/VetLifeTest/src/components/conejos.jsx","statementMap":{"0":{"start":{"line":7,"column":32},"end":{"line":7,"column":44}},"1":{"start":{"line":8,"column":42},"end":{"line":8,"column":57}},"2":{"start":{"line":10,"column":20},"end":{"line":19,"column":3}},"3":{"start":{"line":21,"column":1},"end":{"line":24,"column":7}},"4":{"start":{"line":22,"column":16},"end":{"line":22,"column":47}},"5":{"start":{"line":23,"column":3},"end":{"line":23,"column":44}},"6":{"start":{"line":23,"column":14},"end":{"line":23,"column":44}},"7":{"start":{"line":28,"column":23},"end":{"line":28,"column":44}},"8":{"start":{"line":29,"column":2},"end":{"line":29,"column":27}},"9":{"start":{"line":30,"column":2},"end":{"line":30,"column":63}},"10":{"start":{"line":31,"column":2},"end":{"line":31,"column":24}},"11":{"start":{"line":35,"column":22},"end":{"line":35,"column":58}},"12":{"start":{"line":35,"column":46},"end":{"line":35,"column":57}},"13":{"start":{"line":36,"column":1},"end":{"line":36,"column":26}},"14":{"start":{"line":37,"column":1},"end":{"line":37,"column":62}},"15":{"start":{"line":41,"column":2},"end":{"line":102,"column":4}},"16":{"start":{"line":49,"column":10},"end":{"line":58,"column":16}},"17":{"start":{"line":53,"column":29},"end":{"line":53,"column":51}},"18":{"start":{"line":74,"column":16},"end":{"line":85,"column":21}},"19":{"start":{"line":79,"column":35},"end":{"line":79,"column":60}},"20":{"start":{"line":91,"column":27},"end":{"line":91,"column":49}}},"fnMap":{"0":{"name":"Conejos","decl":{"start":{"line":6,"column":24},"end":{"line":6,"column":31}},"loc":{"start":{"line":6,"column":34},"end":{"line":103,"column":1}},"line":6},"1":{"name":"(anonymous_1)","decl":{"start":{"line":21,"column":11},"end":{"line":21,"column":12}},"loc":{"start":{"line":21,"column":15},"end":{"line":24,"column":2}},"line":21},"2":{"name":"agregarAlCarrito","decl":{"start":{"line":27,"column":10},"end":{"line":27,"column":26}},"loc":{"start":{"line":27,"column":37},"end":{"line":32,"column":2}},"line":27},"3":{"name":"eliminarDelCarrito","decl":{"start":{"line":34,"column":10},"end":{"line":34,"column":28}},"loc":{"start":{"line":34,"column":36},"end":{"line":39,"column":2}},"line":34},"4":{"name":"(anonymous_4)","decl":{"start":{"line":35,"column":37},"end":{"line":35,"column":38}},"loc":{"start":{"line":35,"column":46},"end":{"line":35,"column":57}},"line":35},"5":{"name":"(anonymous_5)","decl":{"start":{"line":48,"column":23},"end":{"line":48,"column":24}},"loc":{"start":{"line":49,"column":10},"end":{"line":58,"column":16}},"line":49},"6":{"name":"(anonymous_6)","decl":{"start":{"line":53,"column":23},"end":{"line":53,"column":24}},"loc":{"start":{"line":53,"column":29},"end":{"line":53,"column":51}},"line":53},"7":{"name":"(anonymous_7)","decl":{"start":{"line":73,"column":27},"end":{"line":73,"column":28}},"loc":{"start":{"line":74,"column":16},"end":{"line":85,"column":21}},"line":74},"8":{"name":"(anonymous_8)","decl":{"start":{"line":79,"column":29},"end":{"line":79,"column":30}},"loc":{"start":{"line":79,"column":35},"end":{"line":79,"column":60}},"line":79},"9":{"name":"(anonymous_9)","decl":{"start":{"line":91,"column":21},"end":{"line":91,"column":22}},"loc":{"start":{"line":91,"column":27},"end":{"line":91,"column":49}},"line":91}},"branchMap":{"0":{"loc":{"start":{"line":23,"column":3},"end":{"line":23,"column":44}},"type":"if","locations":[{"start":{"line":23,"column":3},"end":{"line":23,"column":44}},{"start":{},"end":{}}],"line":23},"1":{"loc":{"start":{"line":63,"column":7},"end":{"line":100,"column":7}},"type":"binary-expr","locations":[{"start":{"line":63,"column":7},"end":{"line":63,"column":19}},{"start":{"line":64,"column":8},"end":{"line":99,"column":14}}],"line":63},"2":{"loc":{"start":{"line":69,"column":11},"end":{"line":88,"column":11}},"type":"cond-expr","locations":[{"start":{"line":70,"column":12},"end":{"line":70,"column":39}},{"start":{"line":72,"column":12},"end":{"line":87,"column":17}}],"line":69}},"s":{"0":0,"1":0,"2":0,"3":0,"4":0,"5":0,"6":0,"7":0,"8":0,"9":0,"10":0,"11":0,"12":0,"13":0,"14":0,"15":0,"16":0,"17":0,"18":0,"19":0,"20":0},"f":{"0":0,"1":0,"2":0,"3":0,"4":0,"5":0,"6":0,"7":0,"8":0,"9":0},"b":{"0":[0,0],"1":[0,0],"2":[0,0]}}
,"/home/estudiante/Documentos/Proyecto_VetLife-Leonardo-Brigit-Ana/VetLifeTest/src/components/consultas.jsx": {"path":"/home/estudiante/Documentos/Proyecto_VetLife-Leonardo-Brigit-Ana/VetLifeTest/src/components/consultas.jsx","statementMap":{"0":{"start":{"line":6,"column":19},"end":{"line":6,"column":32}},"1":{"start":{"line":8,"column":4},"end":{"line":19,"column":6}},"2":{"start":{"line":14,"column":37},"end":{"line":14,"column":76}}},"fnMap":{"0":{"name":"Consultas","decl":{"start":{"line":4,"column":24},"end":{"line":4,"column":33}},"loc":{"start":{"line":4,"column":35},"end":{"line":20,"column":1}},"line":4},"1":{"name":"(anonymous_1)","decl":{"start":{"line":14,"column":32},"end":{"line":14,"column":33}},"loc":{"start":{"line":14,"column":37},"end":{"line":14,"column":76}},"line":14}},"branchMap":{},"s":{"0":0,"1":0,"2":0},"f":{"0":0,"1":0},"b":{}}
,"/home/estudiante/Documentos/Proyecto_VetLife-Leonardo-Brigit-Ana/VetLifeTest/src/components/cuadradoPerfil.jsx": {"path":"/home/estudiante/Documentos/Proyecto_VetLife-Leonardo-Brigit-Ana/VetLifeTest/src/components/cuadradoPerfil.jsx","statementMap":{"0":{"start":{"line":6,"column":0},"end":{"line":28,"column":2}}},"fnMap":{"0":{"name":"CuadradoPerfil","decl":{"start":{"line":4,"column":24},"end":{"line":4,"column":38}},"loc":{"start":{"line":4,"column":40},"end":{"line":29,"column":1}},"line":4}},"branchMap":{"0":{"loc":{"start":{"line":10,"column":1},"end":{"line":25,"column":1}},"type":"binary-expr","locations":[{"start":{"line":10,"column":1},"end":{"line":10,"column":20}},{"start":{"line":12,"column":2},"end":{"line":24,"column":8}}],"line":10}},"s":{"0":0},"f":{"0":0},"b":{"0":[0,0]}}
,"/home/estudiante/Documentos/Proyecto_VetLife-Leonardo-Brigit-Ana/VetLifeTest/src/components/ecografia.jsx": {"path":"/home/estudiante/Documentos/Proyecto_VetLife-Leonardo-Brigit-Ana/VetLifeTest/src/components/ecografia.jsx","statementMap":{"0":{"start":{"line":6,"column":19},"end":{"line":6,"column":32}},"1":{"start":{"line":7,"column":26},"end":{"line":9,"column":5}},"2":{"start":{"line":8,"column":8},"end":{"line":8,"column":40}},"3":{"start":{"line":10,"column":4},"end":{"line":26,"column":6}},"4":{"start":{"line":23,"column":86},"end":{"line":23,"column":96}}},"fnMap":{"0":{"name":"Ecografia","decl":{"start":{"line":5,"column":24},"end":{"line":5,"column":33}},"loc":{"start":{"line":5,"column":35},"end":{"line":27,"column":1}},"line":5},"1":{"name":"(anonymous_1)","decl":{"start":{"line":7,"column":26},"end":{"line":7,"column":27}},"loc":{"start":{"line":7,"column":32},"end":{"line":9,"column":5}},"line":7},"2":{"name":"(anonymous_2)","decl":{"start":{"line":23,"column":81},"end":{"line":23,"column":82}},"loc":{"start":{"line":23,"column":86},"end":{"line":23,"column":96}},"line":23}},"branchMap":{},"s":{"0":0,"1":0,"2":0,"3":0,"4":0},"f":{"0":0,"1":0,"2":0},"b":{}}
,"/home/estudiante/Documentos/Proyecto_VetLife-Leonardo-Brigit-Ana/VetLifeTest/src/components/gatos.jsx": {"path":"/home/estudiante/Documentos/Proyecto_VetLife-Leonardo-Brigit-Ana/VetLifeTest/src/components/gatos.jsx","statementMap":{"0":{"start":{"line":7,"column":32},"end":{"line":7,"column":44}},"1":{"start":{"line":8,"column":42},"end":{"line":8,"column":57}},"2":{"start":{"line":10,"column":20},"end":{"line":20,"column":3}},"3":{"start":{"line":22,"column":1},"end":{"line":25,"column":7}},"4":{"start":{"line":23,"column":16},"end":{"line":23,"column":47}},"5":{"start":{"line":24,"column":3},"end":{"line":24,"column":44}},"6":{"start":{"line":24,"column":14},"end":{"line":24,"column":44}},"7":{"start":{"line":29,"column":23},"end":{"line":29,"column":44}},"8":{"start":{"line":30,"column":2},"end":{"line":30,"column":27}},"9":{"start":{"line":31,"column":2},"end":{"line":31,"column":63}},"10":{"start":{"line":32,"column":2},"end":{"line":32,"column":24}},"11":{"start":{"line":36,"column":22},"end":{"line":36,"column":58}},"12":{"start":{"line":36,"column":46},"end":{"line":36,"column":57}},"13":{"start":{"line":37,"column":1},"end":{"line":37,"column":26}},"14":{"start":{"line":38,"column":1},"end":{"line":38,"column":62}},"15":{"start":{"line":42,"column":2},"end":{"line":103,"column":4}},"16":{"start":{"line":50,"column":10},"end":{"line":59,"column":16}},"17":{"start":{"line":54,"column":29},"end":{"line":54,"column":51}},"18":{"start":{"line":75,"column":16},"end":{"line":86,"column":21}},"19":{"start":{"line":80,"column":35},"end":{"line":80,"column":60}},"20":{"start":{"line":92,"column":27},"end":{"line":92,"column":49}}},"fnMap":{"0":{"name":"Gatos","decl":{"start":{"line":6,"column":24},"end":{"line":6,"column":29}},"loc":{"start":{"line":6,"column":32},"end":{"line":104,"column":1}},"line":6},"1":{"name":"(anonymous_1)","decl":{"start":{"line":22,"column":11},"end":{"line":22,"column":12}},"loc":{"start":{"line":22,"column":15},"end":{"line":25,"column":2}},"line":22},"2":{"name":"agregarAlCarrito","decl":{"start":{"line":28,"column":10},"end":{"line":28,"column":26}},"loc":{"start":{"line":28,"column":37},"end":{"line":33,"column":2}},"line":28},"3":{"name":"eliminarDelCarrito","decl":{"start":{"line":35,"column":10},"end":{"line":35,"column":28}},"loc":{"start":{"line":35,"column":36},"end":{"line":40,"column":2}},"line":35},"4":{"name":"(anonymous_4)","decl":{"start":{"line":36,"column":37},"end":{"line":36,"column":38}},"loc":{"start":{"line":36,"column":46},"end":{"line":36,"column":57}},"line":36},"5":{"name":"(anonymous_5)","decl":{"start":{"line":49,"column":23},"end":{"line":49,"column":24}},"loc":{"start":{"line":50,"column":10},"end":{"line":59,"column":16}},"line":50},"6":{"name":"(anonymous_6)","decl":{"start":{"line":54,"column":23},"end":{"line":54,"column":24}},"loc":{"start":{"line":54,"column":29},"end":{"line":54,"column":51}},"line":54},"7":{"name":"(anonymous_7)","decl":{"start":{"line":74,"column":27},"end":{"line":74,"column":28}},"loc":{"start":{"line":75,"column":16},"end":{"line":86,"column":21}},"line":75},"8":{"name":"(anonymous_8)","decl":{"start":{"line":80,"column":29},"end":{"line":80,"column":30}},"loc":{"start":{"line":80,"column":35},"end":{"line":80,"column":60}},"line":80},"9":{"name":"(anonymous_9)","decl":{"start":{"line":92,"column":21},"end":{"line":92,"column":22}},"loc":{"start":{"line":92,"column":27},"end":{"line":92,"column":49}},"line":92}},"branchMap":{"0":{"loc":{"start":{"line":24,"column":3},"end":{"line":24,"column":44}},"type":"if","locations":[{"start":{"line":24,"column":3},"end":{"line":24,"column":44}},{"start":{},"end":{}}],"line":24},"1":{"loc":{"start":{"line":64,"column":7},"end":{"line":101,"column":7}},"type":"binary-expr","locations":[{"start":{"line":64,"column":7},"end":{"line":64,"column":19}},{"start":{"line":65,"column":8},"end":{"line":100,"column":14}}],"line":64},"2":{"loc":{"start":{"line":70,"column":11},"end":{"line":89,"column":11}},"type":"cond-expr","locations":[{"start":{"line":71,"column":12},"end":{"line":71,"column":39}},{"start":{"line":73,"column":12},"end":{"line":88,"column":17}}],"line":70}},"s":{"0":0,"1":0,"2":0,"3":0,"4":0,"5":0,"6":0,"7":0,"8":0,"9":0,"10":0,"11":0,"12":0,"13":0,"14":0,"15":0,"16":0,"17":0,"18":0,"19":0,"20":0},"f":{"0":0,"1":0,"2":0,"3":0,"4":0,"5":0,"6":0,"7":0,"8":0,"9":0},"b":{"0":[0,0],"1":[0,0],"2":[0,0]}}
,"/home/estudiante/Documentos/Proyecto_VetLife-Leonardo-Brigit-Ana/VetLifeTest/src/components/inicioSesion.jsx": {"path":"/home/estudiante/Documentos/Proyecto_VetLife-Leonardo-Brigit-Ana/VetLifeTest/src/components/inicioSesion.jsx","statementMap":{"0":{"start":{"line":2,"column":4},"end":{"line":4,"column":6}}},"fnMap":{"0":{"name":"InicioSesion","decl":{"start":{"line":1,"column":24},"end":{"line":1,"column":36}},"loc":{"start":{"line":1,"column":38},"end":{"line":5,"column":1}},"line":1}},"branchMap":{},"s":{"0":0},"f":{"0":0},"b":{}}
,"/home/estudiante/Documentos/Proyecto_VetLife-Leonardo-Brigit-Ana/VetLifeTest/src/components/internacion.jsx": {"path":"/home/estudiante/Documentos/Proyecto_VetLife-Leonardo-Brigit-Ana/VetLifeTest/src/components/internacion.jsx","statementMap":{"0":{"start":{"line":6,"column":19},"end":{"line":6,"column":32}},"1":{"start":{"line":7,"column":26},"end":{"line":9,"column":5}},"2":{"start":{"line":8,"column":8},"end":{"line":8,"column":42}},"3":{"start":{"line":10,"column":4},"end":{"line":26,"column":6}},"4":{"start":{"line":23,"column":86},"end":{"line":23,"column":96}}},"fnMap":{"0":{"name":"Internacion","decl":{"start":{"line":5,"column":24},"end":{"line":5,"column":35}},"loc":{"start":{"line":5,"column":37},"end":{"line":27,"column":1}},"line":5},"1":{"name":"(anonymous_1)","decl":{"start":{"line":7,"column":26},"end":{"line":7,"column":27}},"loc":{"start":{"line":7,"column":32},"end":{"line":9,"column":5}},"line":7},"2":{"name":"(anonymous_2)","decl":{"start":{"line":23,"column":81},"end":{"line":23,"column":82}},"loc":{"start":{"line":23,"column":86},"end":{"line":23,"column":96}},"line":23}},"branchMap":{},"s":{"0":0,"1":0,"2":0,"3":0,"4":0},"f":{"0":0,"1":0,"2":0},"b":{}}
,"/home/estudiante/Documentos/Proyecto_VetLife-Leonardo-Brigit-Ana/VetLifeTest/src/components/jarabes.jsx": {"path":"/home/estudiante/Documentos/Proyecto_VetLife-Leonardo-Brigit-Ana/VetLifeTest/src/components/jarabes.jsx","statementMap":{"0":{"start":{"line":7,"column":32},"end":{"line":7,"column":44}},"1":{"start":{"line":8,"column":42},"end":{"line":8,"column":57}},"2":{"start":{"line":10,"column":20},"end":{"line":19,"column":3}},"3":{"start":{"line":21,"column":1},"end":{"line":24,"column":7}},"4":{"start":{"line":22,"column":16},"end":{"line":22,"column":47}},"5":{"start":{"line":23,"column":3},"end":{"line":23,"column":44}},"6":{"start":{"line":23,"column":14},"end":{"line":23,"column":44}},"7":{"start":{"line":28,"column":23},"end":{"line":28,"column":44}},"8":{"start":{"line":29,"column":2},"end":{"line":29,"column":27}},"9":{"start":{"line":30,"column":2},"end":{"line":30,"column":63}},"10":{"start":{"line":31,"column":2},"end":{"line":31,"column":24}},"11":{"start":{"line":35,"column":22},"end":{"line":35,"column":58}},"12":{"start":{"line":35,"column":46},"end":{"line":35,"column":57}},"13":{"start":{"line":36,"column":1},"end":{"line":36,"column":26}},"14":{"start":{"line":37,"column":1},"end":{"line":37,"column":62}},"15":{"start":{"line":41,"column":2},"end":{"line":102,"column":4}},"16":{"start":{"line":49,"column":10},"end":{"line":58,"column":16}},"17":{"start":{"line":53,"column":29},"end":{"line":53,"column":51}},"18":{"start":{"line":74,"column":16},"end":{"line":85,"column":21}},"19":{"start":{"line":79,"column":35},"end":{"line":79,"column":60}},"20":{"start":{"line":91,"column":27},"end":{"line":91,"column":49}}},"fnMap":{"0":{"name":"Jarabes","decl":{"start":{"line":6,"column":24},"end":{"line":6,"column":31}},"loc":{"start":{"line":6,"column":34},"end":{"line":103,"column":1}},"line":6},"1":{"name":"(anonymous_1)","decl":{"start":{"line":21,"column":11},"end":{"line":21,"column":12}},"loc":{"start":{"line":21,"column":15},"end":{"line":24,"column":2}},"line":21},"2":{"name":"agregarAlCarrito","decl":{"start":{"line":27,"column":10},"end":{"line":27,"column":26}},"loc":{"start":{"line":27,"column":37},"end":{"line":32,"column":2}},"line":27},"3":{"name":"eliminarDelCarrito","decl":{"start":{"line":34,"column":10},"end":{"line":34,"column":28}},"loc":{"start":{"line":34,"colu
[...]
{"start":{"line":146,"column":9},"end":{"line":174,"column":9}},"type":"binary-expr","locations":[{"start":{"line":146,"column":9},"end":{"line":146,"column":25}},{"start":{"line":147,"column":9},"end":{"line":173,"column":15}}],"line":146},"28":{"loc":{"start":{"line":176,"column":9},"end":{"line":191,"column":9}},"type":"binary-expr","locations":[{"start":{"line":176,"column":9},"end":{"line":176,"column":25}},{"start":{"line":177,"column":10},"end":{"line":190,"column":16}}],"line":176},"29":{"loc":{"start":{"line":193,"column":9},"end":{"line":197,"column":9}},"type":"binary-expr","locations":[{"start":{"line":193,"column":9},"end":{"line":193,"column":25}},{"start":{"line":194,"column":12},"end":{"line":196,"column":18}}],"line":193},"30":{"loc":{"start":{"line":198,"column":9},"end":{"line":198,"column":76}},"type":"binary-expr","locations":[{"start":{"line":198,"column":9},"end":{"line":198,"column":14}},{"start":{"line":198,"column":18},"end":{"line":198,"column":76}}],"line":198},"31":{"loc":{"start":{"line":212,"column":13},"end":{"line":212,"column":57}},"type":"cond-expr","locations":[{"start":{"line":212,"column":30},"end":{"line":212,"column":41}},{"start":{"line":212,"column":44},"end":{"line":212,"column":57}}],"line":212}},"s":{"0":4,"1":4,"2":4,"3":4,"4":4,"5":4,"6":4,"7":4,"8":4,"9":4,"10":4,"11":4,"12":0,"13":0,"14":0,"15":0,"16":0,"17":0,"18":0,"19":0,"20":0,"21":0,"22":0,"23":0,"24":0,"25":0,"26":0,"27":0,"28":0,"29":0,"30":0,"31":0,"32":0,"33":0,"34":0,"35":0,"36":0,"37":0,"38":0,"39":0,"40":0,"41":0,"42":0,"43":0,"44":0,"45":0,"46":4,"47":0,"48":0,"49":0,"50":0,"51":0,"52":0,"53":0,"54":0,"55":0},"f":{"0":4,"1":0,"2":0,"3":0,"4":0,"5":0,"6":0,"7":0,"8":0,"9":0,"10":0,"11":0,"12":0},"b":{"0":[0],"1":[0,0],"2":[0,0],"3":[0,0],"4":[0,0],"5":[0,0],"6":[0,0],"7":[0,0],"8":[0,0],"9":[0,0],"10":[0,0],"11":[0,0],"12":[0,0],"13":[0,0],"14":[0,0],"15":[0,0],"16":[0,0],"17":[0,0],"18":[1,3],"19":[1,3],"20":[1,3],"21":[0,4],"22":[1,3],"23":[0,4],"24":[4,1],"25":[4,1],"26":[4,1],"27":[4,0],"28":[4,1],"29":[4,0],"30":[4,0],"31":[4,0]},"_coverageSchema":"1a1c01bbd47fc00a2c39e90264f33305004495a9","hash":"d43eb82f30e2dfbcca4d10a7e91eb0395c8d5150"}
,"/home/estudiante/Documentos/Proyecto_VetLife-Leonardo-Brigit-Ana/VetLifeTest/src/components/transportadoras.jsx": {"path":"/home/estudiante/Documentos/Proyecto_VetLife-Leonardo-Brigit-Ana/VetLifeTest/src/components/transportadoras.jsx","statementMap":{"0":{"start":{"line":7,"column":32},"end":{"line":7,"column":44}},"1":{"start":{"line":8,"column":42},"end":{"line":8,"column":57}},"2":{"start":{"line":10,"column":20},"end":{"line":19,"column":3}},"3":{"start":{"line":21,"column":1},"end":{"line":24,"column":7}},"4":{"start":{"line":22,"column":16},"end":{"line":22,"column":47}},"5":{"start":{"line":23,"column":3},"end":{"line":23,"column":44}},"6":{"start":{"line":23,"column":14},"end":{"line":23,"column":44}},"7":{"start":{"line":28,"column":23},"end":{"line":28,"column":44}},"8":{"start":{"line":29,"column":2},"end":{"line":29,"column":27}},"9":{"start":{"line":30,"column":2},"end":{"line":30,"column":63}},"10":{"start":{"line":31,"column":2},"end":{"line":31,"column":24}},"11":{"start":{"line":35,"column":22},"end":{"line":35,"column":58}},"12":{"start":{"line":35,"column":46},"end":{"line":35,"column":57}},"13":{"start":{"line":36,"column":1},"end":{"line":36,"column":26}},"14":{"start":{"line":37,"column":1},"end":{"line":37,"column":62}},"15":{"start":{"line":41,"column":2},"end":{"line":102,"column":4}},"16":{"start":{"line":49,"column":10},"end":{"line":58,"column":16}},"17":{"start":{"line":53,"column":29},"end":{"line":53,"column":51}},"18":{"start":{"line":74,"column":16},"end":{"line":85,"column":21}},"19":{"start":{"line":79,"column":35},"end":{"line":79,"column":60}},"20":{"start":{"line":91,"column":27},"end":{"line":91,"column":49}}},"fnMap":{"0":{"name":"Transportadoras","decl":{"start":{"line":6,"column":24},"end":{"line":6,"column":39}},"loc":{"start":{"line":6,"column":42},"end":{"line":103,"column":1}},"line":6},"1":{"name":"(anonymous_1)","decl":{"start":{"line":21,"column":11},"end":{"line":21,"column":12}},"loc":{"start":{"line":21,"column":15},"end":{"line":24,"column":2}},"line":21},"2":{"name":"agregarAlCarrito","decl":{"start":{"line":27,"column":10},"end":{"line":27,"column":26}},"loc":{"start":{"line":27,"column":37},"end":{"line":32,"column":2}},"line":27},"3":{"name":"eliminarDelCarrito","decl":{"start":{"line":34,"column":10},"end":{"line":34,"column":28}},"loc":{"start":{"line":34,"column":36},"end":{"line":39,"column":2}},"line":34},"4":{"name":"(anonymous_4)","decl":{"start":{"line":35,"column":37},"end":{"line":35,"column":38}},"loc":{"start":{"line":35,"column":46},"end":{"line":35,"column":57}},"line":35},"5":{"name":"(anonymous_5)","decl":{"start":{"line":48,"column":23},"end":{"line":48,"column":24}},"loc":{"start":{"line":49,"column":10},"end":{"line":58,"column":16}},"line":49},"6":{"name":"(anonymous_6)","decl":{"start":{"line":53,"column":23},"end":{"line":53,"column":24}},"loc":{"start":{"line":53,"column":29},"end":{"line":53,"column":51}},"line":53},"7":{"name":"(anonymous_7)","decl":{"start":{"line":73,"column":27},"end":{"line":73,"column":28}},"loc":{"start":{"line":74,"column":16},"end":{"line":85,"column":21}},"line":74},"8":{"name":"(anonymous_8)","decl":{"start":{"line":79,"column":29},"end":{"line":79,"column":30}},"loc":{"start":{"line":79,"column":35},"end":{"line":79,"column":60}},"line":79},"9":{"name":"(anonymous_9)","decl":{"start":{"line":91,"column":21},"end":{"line":91,"column":22}},"loc":{"start":{"line":91,"column":27},"end":{"line":91,"column":49}},"line":91}},"branchMap":{"0":{"loc":{"start":{"line":23,"column":3},"end":{"line":23,"column":44}},"type":"if","locations":[{"start":{"line":23,"column":3},"end":{"line":23,"column":44}},{"start":{},"end":{}}],"line":23},"1":{"loc":{"start":{"line":63,"column":7},"end":{"line":100,"column":7}},"type":"binary-expr","locations":[{"start":{"line":63,"column":7},"end":{"line":63,"column":19}},{"start":{"line":64,"column":8},"end":{"line":99,"column":14}}],"line":63},"2":{"loc":{"start":{"line":69,"column":11},"end":{"line":88,"column":11}},"type":"cond-expr","locations":[{"start":{"line":70,"column":12},"end":{"line":70,"column":39}},{"start":{"line":72,"column":12},"end":{"line":87,"column":17}}],"line":69}},"s":{"0":0,"1":0,"2":0,"3":0,"4":0,"5":0,"6":0,"7":0,"8":0,"9":0,"10":0,"11":0,"12":0,"13":0,"14":0,"15":0,"16":0,"17":0,"18":0,"19":0,"20":0},"f":{"0":0,"1":0,"2":0,"3":0,"4":0,"5":0,"6":0,"7":0,"8":0,"9":0},"b":{"0":[0,0],"1":[0,0],"2":[0,0]}}
,"/home/estudiante/Documentos/Proyecto_VetLife-Leonardo-Brigit-Ana/VetLifeTest/src/components/traumatologia.jsx": {"path":"/home/estudiante/Documentos/Proyecto_VetLife-Leonardo-Brigit-Ana/VetLifeTest/src/components/traumatologia.jsx","statementMap":{"0":{"start":{"line":6,"column":19},"end":{"line":6,"column":32}},"1":{"start":{"line":7,"column":26},"end":{"line":9,"column":5}},"2":{"start":{"line":8,"column":8},"end":{"line":8,"column":44}},"3":{"start":{"line":10,"column":4},"end":{"line":26,"column":6}},"4":{"start":{"line":23,"column":86},"end":{"line":23,"column":96}}},"fnMap":{"0":{"name":"Traumatologia","decl":{"start":{"line":5,"column":24},"end":{"line":5,"column":37}},"loc":{"start":{"line":5,"column":39},"end":{"line":27,"column":1}},"line":5},"1":{"name":"(anonymous_1)","decl":{"start":{"line":7,"column":26},"end":{"line":7,"column":27}},"loc":{"start":{"line":7,"column":32},"end":{"line":9,"column":5}},"line":7},"2":{"name":"(anonymous_2)","decl":{"start":{"line":23,"column":81},"end":{"line":23,"column":82}},"loc":{"start":{"line":23,"column":86},"end":{"line":23,"column":96}},"line":23}},"branchMap":{},"s":{"0":0,"1":0,"2":0,"3":0,"4":0},"f":{"0":0,"1":0,"2":0},"b":{}}
,"/home/estudiante/Documentos/Proyecto_VetLife-Leonardo-Brigit-Ana/VetLifeTest/src/components/turnoAgendado.jsx": {"path":"/home/estudiante/Documentos/Proyecto_VetLife-Leonardo-Brigit-Ana/VetLifeTest/src/components/turnoAgendado.jsx","statementMap":{"0":{"start":{"line":4,"column":20},"end":{"line":4,"column":39}},"1":{"start":{"line":14,"column":6},"end":{"line":14,"column":17}},"2":{"start":{"line":15,"column":19},"end":{"line":15,"column":32}},"3":{"start":{"line":19,"column":4},"end":{"line":81,"column":6}},"4":{"start":{"line":75,"column":37},"end":{"line":75,"column":47}}},"fnMap":{"0":{"name":"TurnoAgendado","decl":{"start":{"line":3,"column":24},"end":{"line":3,"column":37}},"loc":{"start":{"line":3,"column":39},"end":{"line":82,"column":1}},"line":3},"1":{"name":"(anonymous_1)","decl":{"start":{"line":75,"column":31},"end":{"line":75,"column":32}},"loc":{"start":{"line":75,"column":37},"end":{"line":75,"column":47}},"line":75}},"branchMap":{"0":{"loc":{"start":{"line":4,"column":20},"end":{"line":4,"column":39}},"type":"binary-expr","locations":[{"start":{"line":4,"column":20},"end":{"line":4,"column":33}},{"start":{"line":4,"column":37},"end":{"line":4,"column":39}}],"line":4},"1":{"loc":{"start":{"line":6,"column":4},"end":{"line":6,"column":15}},"type":"default-arg","locations":[{"start":{"line":6,"column":13},"end":{"line":6,"column":15}}],"line":6},"2":{"loc":{"start":{"line":7,"column":4},"end":{"line":7,"column":17}},"type":"default-arg","locations":[{"start":{"line":7,"column":15},"end":{"line":7,"column":17}}],"line":7},"3":{"loc":{"start":{"line":8,"column":4},"end":{"line":8,"column":14}},"type":"default-arg","locations":[{"start":{"line":8,"column":12},"end":{"line":8,"column":14}}],"line":8},"4":{"loc":{"start":{"line":9,"column":4},"end":{"line":9,"column":17}},"type":"default-arg","locations":[{"start":{"line":9,"column":15},"end":{"line":9,"column":17}}],"line":9},"5":{"loc":{"start":{"line":10,"column":4},"end":{"line":10,"column":18}},"type":"default-arg","locations":[{"start":{"line":10,"column":16},"end":{"line":10,"column":18}}],"line":10},"6":{"loc":{"start":{"line":11,"column":4},"end":{"line":11,"column":14}},"type":"default-arg","locations":[{"start":{"line":11,"column":12},"end":{"line":11,"column":14}}],"line":11},"7":{"loc":{"start":{"line":12,"column":4},"end":{"line":12,"column":13}},"type":"default-arg","locations":[{"start":{"line":12,"column":11},"end":{"line":12,"column":13}}],"line":12},"8":{"loc":{"start":{"line":13,"column":4},"end":{"line":13,"column":21}},"type":"default-arg","locations":[{"start":{"line":13,"column":19},"end":{"line":13,"column":21}}],"line":13},"9":{"loc":{"start":{"line":14,"column":6},"end":{"line":14,"column":17}},"type":"binary-expr","locations":[{"start":{"line":14,"column":6},"end":{"line":14,"column":11}},{"start":{"line":14,"column":15},"end":{"line":14,"column":17}}],"line":14}},"s":{"0":7,"1":7,"2":7,"3":7,"4":0},"f":{"0":7,"1":0},"b":{"0":[7,0],"1":[7],"2":[7],"3":[7],"4":[7],"5":[7],"6":[7],"7":[7],"8":[7],"9":[7,7]},"_coverageSchema":"1a1c01bbd47fc00a2c39e90264f33305004495a9","hash":"e5b3e46accc1b29104b5b02196ab96f571b1bcfe"}
,"/home/estudiante/Documentos/Proyecto_VetLife-Leonardo-Brigit-Ana/VetLifeTest/src/components/urgencia.jsx": {"path":"/home/estudiante/Documentos/Proyecto_VetLife-Leonardo-Brigit-Ana/VetLifeTest/src/components/urgencia.jsx","statementMap":{"0":{"start":{"line":6,"column":19},"end":{"line":6,"column":32}},"1":{"start":{"line":7,"column":26},"end":{"line":9,"column":5}},"2":{"start":{"line":8,"column":8},"end":{"line":8,"column":40}},"3":{"start":{"line":10,"column":4},"end":{"line":26,"column":6}},"4":{"start":{"line":23,"column":86},"end":{"line":23,"column":96}}},"fnMap":{"0":{"name":"Urgencias","decl":{"start":{"line":5,"column":24},"end":{"line":5,"column":33}},"loc":{"start":{"line":5,"column":35},"end":{"line":27,"column":1}},"line":5},"1":{"name":"(anonymous_1)","decl":{"start":{"line":7,"column":26},"end":{"line":7,"column":27}},"loc":{"start":{"line":7,"column":31},"end":{"line":9,"column":5}},"line":7},"2":{"name":"(anonymous_2)","decl":{"start":{"line":23,"column":81},"end":{"line":23,"column":82}},"loc":{"start":{"line":23,"column":86},"end":{"line":23,"column":96}},"line":23}},"branchMap":{},"s":{"0":1,"1":1,"2":0,"3":1,"4":0},"f":{"0":1,"1":0,"2":0},"b":{},"_coverageSchema":"1a1c01bbd47fc00a2c39e90264f33305004495a9","hash":"7b5870a31f98cad566c17e0195c53567576c7109"}
,"/home/estudiante/Documentos/Proyecto_VetLife-Leonardo-Brigit-Ana/VetLifeTest/src/components/vacunaciones.jsx": {"path":"/home/estudiante/Documentos/Proyecto_VetLife-Leonardo-Brigit-Ana/VetLifeTest/src/components/vacunaciones.jsx","statementMap":{"0":{"start":{"line":6,"column":19},"end":{"line":6,"column":32}},"1":{"start":{"line":7,"column":4},"end":{"line":58,"column":6}},"2":{"start":{"line":17,"column":93},"end":{"line":17,"column":138}},"3":{"start":{"line":21,"column":93},"end":{"line":21,"column":140}},"4":{"start":{"line":26,"column":93},"end":{"line":26,"column":135}},"5":{"start":{"line":34,"column":93},"end":{"line":34,"column":143}},"6":{"start":{"line":39,"column":93},"end":{"line":39,"column":143}},"7":{"start":{"line":45,"column":93},"end":{"line":45,"column":148}},"8":{"start":{"line":50,"column":93},"end":{"line":50,"column":143}},"9":{"start":{"line":55,"column":86},"end":{"line":55,"column":96}}},"fnMap":{"0":{"name":"Vacunaciones","decl":{"start":{"line":5,"column":24},"end":{"line":5,"column":36}},"loc":{"start":{"line":5,"column":38},"end":{"line":59,"column":1}},"line":5},"1":{"name":"(anonymous_1)","decl":{"start":{"line":17,"column":87},"end":{"line":17,"column":88}},"loc":{"start":{"line":17,"column":93},"end":{"line":17,"column":138}},"line":17},"2":{"name":"(anonymous_2)","decl":{"start":{"line":21,"column":87},"end":{"line":21,"column":88}},"loc":{"start":{"line":21,"column":93},"end":{"line":21,"column":140}},"line":21},"3":{"name":"(anonymous_3)","decl":{"start":{"line":26,"column":87},"end":{"line":26,"column":88}},"loc":{"start":{"line":26,"column":93},"end":{"line":26,"column":135}},"line":26},"4":{"name":"(anonymous_4)","decl":{"start":{"line":34,"column":87},"end":{"line":34,"column":88}},"loc":{"start":{"line":34,"column":93},"end":{"line":34,"column":143}},"line":34},"5":{"name":"(anonymous_5)","decl":{"start":{"line":39,"column":87},"end":{"line":39,"column":88}},"loc":{"start":{"line":39,"column":93},"end":{"line":39,"column":143}},"line":39},"6":{"name":"(anonymous_6)","decl":{"start":{"line":45,"column":87},"end":{"line":45,"column":88}},"loc":{"start":{"line":45,"column":93},"end":{"line":45,"column":148}},"line":45},"7":{"name":"(anonymous_7)","decl":{"start":{"line":50,"column":87},"end":{"line":50,"column":88}},"loc":{"start":{"line":50,"column":93},"end":{"line":50,"column":143}},"line":50},"8":{"name":"(anonymous_8)","decl":{"start":{"line":55,"column":81},"end":{"line":55,"column":82}},"loc":{"start":{"line":55,"column":86},"end":{"line":55,"column":96}},"line":55}},"branchMap":{},"s":{"0":1,"1":1,"2":0,"3":0,"4":0,"5":0,"6":0,"7":0,"8":0,"9":0},"f":{"0":1,"1":0,"2":0,"3":0,"4":0,"5":0,"6":0,"7":0,"8":0},"b":{},"_coverageSchema":"1a1c01bbd47fc00a2c39e90264f33305004495a9","hash":"479a3f5e5db60d93f4f7a7fdcc438e717df04eeb"}
,"/home/estudiante/Documentos/Proyecto_VetLife-Leonardo-Brigit-Ana/VetLifeTest/src/components/vacunas.jsx": {"path":"/home/estudiante/Documentos/Proyecto_VetLife-Leonardo-Brigit-Ana/VetLifeTest/src/components/vacunas.jsx","statementMap":{"0":{"start":{"line":7,"column":32},"end":{"line":7,"column":44}},"1":{"start":{"line":8,"column":42},"end":{"line":8,"column":57}},"2":{"start":{"line":10,"column":20},"end":{"line":19,"column":3}},"3":{"start":{"line":21,"column":1},"end":{"line":24,"column":7}},"4":{"start":{"line":22,"column":16},"end":{"line":22,"column":47}},"5":{"start":{"line":23,"column":3},"end":{"line":23,"column":44}},"6":{"start":{"line":23,"column":14},"end":{"line":23,"column":44}},"7":{"start":{"line":28,"column":23},"end":{"line":28,"column":44}},"8":{"start":{"line":29,"column":2},"end":{"line":29,"column":27}},"9":{"start":{"line":30,"column":2},"end":{"line":30,"column":63}},"10":{"start":{"line":31,"column":2},"end":{"line":31,"column":24}},"11":{"start":{"line":35,"column":22},"end":{"line":35,"column":58}},"12":{"start":{"line":35,"column":46},"end":{"line":35,"column":57}},"13":{"start":{"line":36,"column":1},"end":{"line":36,"column":26}},"14":{"start":{"line":37,"column":1},"end":{"line":37,"column":62}},"15":{"start":{"line":41,"column":2},"end":{"line":102,"column":4}},"16":{"start":{"line":49,"column":10},"end":{"line":58,"column":16}},"17":{"start":{"line":53,"column":29},"end":{"line":53,"column":51}},"18":{"start":{"line":74,"column":16},"end":{"line":85,"column":21}},"19":{"start":{"line":79,"column":35},"end":{"line":79,"column":60}},"20":{"start":{"line":91,"column":27},"end":{"line":91,"column":49}}},"fnMap":{"0":{"name":"Vacunas","decl":{"start":{"line":6,"column":24},"end":{"line":6,"column":31}},"loc":{"start":{"line":6,"column":34},"end":{"line":103,"column":1}},"line":6},"1":{"name":"(anonymous_1)","decl":{"start":{"line":21,"column":11},"end":{"line":21,"column":12}},"loc":{"start":{"line":21,"column":15},"end":{"line":24,"column":2}},"line":21},"2":{"name":"agregarAlCarrito","decl":{"start":{"line":27,"column":10},"end":{"line":27,"column":26}},"loc":{"start":{"line":27,"column":37},"end":{"line":32,"column":2}},"line":27},"3":{"name":"eliminarDelCarrito","decl":{"start":{"line":34,"column":10},"end":{"line":34,"column":28}},"loc":{"start":{"line":34,"column":36},"end":{"line":39,"column":2}},"line":34},"4":{"name":"(anonymous_4)","decl":{"start":{"line":35,"column":37},"end":{"line":35,"column":38}},"loc":{"start":{"line":35,"column":46},"end":{"line":35,"column":57}},"line":35},"5":{"name":"(anonymous_5)","decl":{"start":{"line":48,"column":23},"end":{"line":48,"column":24}},"loc":{"start":{"line":49,"column":10},"end":{"line":58,"column":16}},"line":49},"6":{"name":"(anonymous_6)","decl":{"start":{"line":53,"column":23},"end":{"line":53,"column":24}},"loc":{"start":{"line":53,"column":29},"end":{"line":53,"column":51}},"line":53},"7":{"name":"(anonymous_7)","decl":{"start":{"line":73,"column":27},"end":{"line":73,"column":28}},"loc":{"start":{"line":74,"column":16},"end":{"line":85,"column":21}},"line":74},"8":{"name":"(anonymous_8)","decl":{"start":{"line":79,"column":29},"end":{"line":79,"column":30}},"loc":{"start":{"line":79,"column":35},"end":{"line":79,"column":60}},"line":79},"9":{"name":"(anonymous_9)","decl":{"start":{"line":91,"column":21},"end":{"line":91,"column":22}},"loc":{"start":{"line":91,"column":27},"end":{"line":91,"column":49}},"line":91}},"branchMap":{"0":{"loc":{"start":{"line":23,"column":3},"end":{"line":23,"column":44}},"type":"if","locations":[{"start":{"line":23,"column":3},"end":{"line":23,"column":44}},{"start":{},"end":{}}],"line":23},"1":{"loc":{"start":{"line":63,"column":7},"end":{"line":100,"column":7}},"type":"binary-expr","locations":[{"start":{"line":63,"column":7},"end":{"line":63,"column":19}},{"start":{"line":64,"column":8},"end":{"line":99,"column":14}}],"line":63},"2":{"loc":{"start":{"line":69,"column":11},"end":{"line":88,"column":11}},"type":"cond-expr","locations":[{"start":{"line":70,"column":12},"end":{"line":70,"column":39}},{"start":{"line":72,"column":12},"end":{"line":87,"column":17}}],"line":69}},"s":{"0":1,"1":1,"2":1,"3":1,"4":1,"5":1,"6":0,"7":0,"8":0,"9":0,"10":0,"11":0,"12":0,"13":0,"14":0,"15":1,"16":8,"17":0,"18":0,"19":0,"20":0},"f":{"0":1,"1":1,"2":0,"3":0,"4":0,"5":8,"6":0,"7":0,"8":0,"9":0},"b":{"0":[0,1],"1":[1,0],"2":[0,0]},"_coverageSchema":"1a1c01bbd47fc00a2c39e90264f33305004495a9","hash":"984aecbd53ccf2d4440a1b84c46ad2e71cd85425"}
,"/home/estudiante/Documentos/Proyecto_VetLife-Leonardo-Brigit-Ana/VetLifeTest/src/routes/routs.jsx": {"path":"/home/estudiante/Documentos/Proyecto_VetLife-Leonardo-Brigit-Ana/VetLifeTest/src/routes/routs.jsx","statementMap":{"0":{"start":{"line":47,"column":15},"end":{"line":97,"column":2}}},"fnMap":{},"branchMap":{},"s":{"0":0},"f":{},"b":{}}
}
