TN:
SF:src/App.jsx
FN:5,App
FN:10,(anonymous_1)
FN:10,(anonymous_2)
FN:13,(anonymous_3)
FN:19,(anonymous_4)
FN:22,eliminarDelCarrito
FN:23,(anonymous_6)
FN:34,(anonymous_7)
FN:42,(anonymous_8)
FN:57,(anonymous_9)
FN:66,(anonymous_10)
FN:74,(anonymous_11)
FN:90,(anonymous_12)
FN:113,(anonymous_13)
FN:138,(anonymous_14)
FN:169,(anonymous_15)
FN:175,(anonymous_16)
FN:187,(anonymous_17)
FN:205,(anonymous_18)
FN:233,(anonymous_19)
FN:259,(anonymous_20)
FNF:21
FNH:0
FNDA:0,App
FNDA:0,(anonymous_1)
FNDA:0,(anonymous_2)
FNDA:0,(anonymous_3)
FNDA:0,(anonymous_4)
FNDA:0,eliminarDelCarrito
FNDA:0,(anonymous_6)
FNDA:0,(anonymous_7)
FNDA:0,(anonymous_8)
FNDA:0,(anonymous_9)
FNDA:0,(anonymous_10)
FNDA:0,(anonymous_11)
FNDA:0,(anonymous_12)
FNDA:0,(anonymous_13)
FNDA:0,(anonymous_14)
FNDA:0,(anonymous_15)
FNDA:0,(anonymous_16)
FNDA:0,(anonymous_17)
FNDA:0,(anonymous_18)
FNDA:0,(anonymous_19)
FNDA:0,(anonymous_20)
DA:6,0
DA:7,0
DA:8,0
DA:10,0
DA:11,0
DA:12,0
DA:13,0
DA:14,0
DA:15,0
DA:16,0
DA:19,0
DA:23,0
DA:24,0
DA:25,0
DA:29,0
DA:34,0
DA:42,0
DA:57,0
DA:66,0
DA:74,0
DA:90,0
DA:113,0
DA:138,0
DA:170,0
DA:175,0
DA:187,0
DA:205,0
DA:233,0
DA:259,0
LF:29
LH:0
BRDA:12,0,0,0
BRDA:12,0,1,0
BRDA:16,1,0,0
BRDA:16,1,1,0
BRDA:48,2,0,0
BRDA:48,2,1,0
BRDA:85,3,0,0
BRDA:85,3,1,0
BRDA:108,4,0,0
BRDA:108,4,1,0
BRDA:133,5,0,0
BRDA:133,5,1,0
BRDA:159,6,0,0
BRDA:159,6,1,0
BRDA:165,7,0,0
BRDA:165,7,1,0
BRDA:210,8,0,0
BRDA:210,8,1,0
BRDA:239,9,0,0
BRDA:239,9,1,0
BRDA:259,10,0,0
BRDA:259,10,1,0
BRDA:264,11,0,0
BRDA:264,11,1,0
BRF:24
BRH:0
end_of_record
TN:
SF:src/components/Accesorios.jsx
FN:1,Accesorios
FNF:1
FNH:0
FNDA:0,Accesorios
DA:2,0
LF:1
LH:0
BRF:0
BRH:0
end_of_record
TN:
SF:src/components/Alimentos.jsx
FN:6,Alimentos
FN:21,(anonymous_1)
FN:27,agregarAlCarrito
FN:34,eliminarDelCarrito
FN:35,(anonymous_4)
FN:47,(anonymous_5)
FN:52,(anonymous_6)
FN:72,(anonymous_7)
FN:78,(anonymous_8)
FN:90,(anonymous_9)
FNF:10
FNH:0
FNDA:0,Alimentos
FNDA:0,(anonymous_1)
FNDA:0,agregarAlCarrito
FNDA:0,eliminarDelCarrito
FNDA:0,(anonymous_4)
FNDA:0,(anonymous_5)
FNDA:0,(anonymous_6)
FNDA:0,(anonymous_7)
FNDA:0,(anonymous_8)
FNDA:0,(anonymous_9)
DA:7,0
DA:8,0
DA:10,0
DA:21,0
DA:22,0
DA:23,0
DA:28,0
DA:29,0
DA:30,0
DA:31,0
DA:35,0
DA:36,0
DA:37,0
DA:40,0
DA:48,0
DA:52,0
DA:73,0
DA:78,0
DA:90,0
LF:19
LH:0
BRDA:23,0,0,0
BRDA:23,0,1,0
BRDA:62,1,0,0
BRDA:62,1,1,0
BRDA:68,2,0,0
BRDA:68,2,1,0
BRF:6
BRH:0
end_of_record
TN:
SF:src/components/Aves.jsx
FN:6,Aves
FN:21,(anonymous_1)
FN:27,agregarAlCarrito
FN:34,eliminarDelCarrito
FN:35,(anonymous_4)
FN:48,(anonymous_5)
FN:53,(anonymous_6)
FN:73,(anonymous_7)
FN:79,(anonymous_8)
FN:91,(anonymous_9)
FNF:10
FNH:0
FNDA:0,Aves
FNDA:0,(anonymous_1)
FNDA:0,agregarAlCarrito
FNDA:0,eliminarDelCarrito
FNDA:0,(anonymous_4)
FNDA:0,(anonymous_5)
FNDA:0,(anonymous_6)
FNDA:0,(anonymous_7)
FNDA:0,(anonymous_8)
FNDA:0,(anonymous_9)
DA:7,0
DA:8,0
DA:10,0
DA:21,0
DA:22,0
DA:23,0
DA:28,0
DA:29,0
DA:30,0
DA:31,0
DA:35,0
DA:36,0
DA:37,0
DA:41,0
DA:49,0
DA:53,0
DA:74,0
DA:79,0
DA:91,0
LF:19
LH:0
BRDA:23,0,0,0
BRDA:23,0,1,0
BRDA:63,1,0,0
BRDA:63,1,1,0
BRDA:69,2,0,0
BRDA:69,2,1,0
BRF:6
BRH:0
end_of_record
TN:
SF:src/components/Cepillos.jsx
FN:6,Cepillos
FN:21,(anonymous_1)
FN:27,agregarAlCarrito
FN:34,eliminarDelCarrito
FN:35,(anonymous_4)
FN:48,(anonymous_5)
FN:53,(anonymous_6)
FN:72,(anonymous_7)
FN:78,(anonymous_8)
FN:90,(anonymous_9)
FNF:10
FNH:0
FNDA:0,Cepillos
FNDA:0,(anonymous_1)
FNDA:0,agregarAlCarrito
FNDA:0,eliminarDelCarrito
FNDA:0,(anonymous_4)
FNDA:0,(anonymous_5)
FNDA:0,(anonymous_6)
FNDA:0,(anonymous_7)
FNDA:0,(anonymous_8)
FNDA:0,(anonymous_9)
DA:7,0
DA:8,0
DA:10,0
DA:21,0
DA:22,0
DA:23,0
DA:28,0
DA:29,0
DA:30,0
DA:31,0
DA:35,0
DA:36,0
DA:37,0
DA:41,0
DA:49,0
DA:53,0
DA:73,0
DA:78,0
DA:90,0
LF:19
LH:0
BRDA:23,0,0,0
BRDA:23,0,1,0
BRDA:63,1,0,0
BRDA:63,1,1,0
BRDA:68,2,0,0
BRDA:68,2,1,0
BRF:6
BRH:0
end_of_record
TN:
SF:src/components/Clinica.jsx
FN:5,Clinica
FN:7,(anonymous_1)
FN:23,(anonymous_2)
FNF:3
FNH:0
FNDA:0,Clinica
FNDA:0,(anonymous_1)
FNDA:0,(anonymous_2)
DA:6,0
DA:7,0
DA:8,0
DA:10,0
DA:23,0
LF:5
LH:0
BRF:0
BRH:0
end_of_record
TN:
SF:src/components/Comida.jsx
FN:1,Comida
FNF:1
FNH:0
FNDA:0,Comida
DA:2,0
LF:1
LH:0
BRF:0
BRH:0
end_of_record
TN:
SF:src/components/Farmacia.jsx
FN:3,Farmacia
FNF:1
FNH:0
FNDA:0,Farmacia
DA:4,0
DA:5,0
DA:7,0
LF:3
LH:0
BRF:0
BRH:0
end_of_record
TN:
SF:src/components/Higiene.jsx
FN:1,Higiene
FNF:1
FNH:0
FNDA:0,Higiene
DA:3,0
LF:1
LH:0
BRF:0
BRH:0
end_of_record
TN:
SF:src/components/Home.jsx
FN:3,Home
FNF:1
FNH:1
FNDA:1,Home
DA:4,1
DA:5,1
DA:7,1
LF:3
LH:3
BRF:0
BRH:0
end_of_record
TN:
SF:src/components/Juguetes.jsx
FN:6,Juguetes
FN:21,(anonymous_1)
FN:27,agregarAlCarrito
FN:34,eliminarDelCarrito
FN:35,(anonymous_4)
FN:48,(anonymous_5)
FN:54,(anonymous_6)
FN:73,(anonymous_7)
FN:79,(anonymous_8)
FN:93,(anonymous_9)
FNF:10
FNH:0
FNDA:0,Juguetes
FNDA:0,(anonymous_1)
FNDA:0,agregarAlCarrito
FNDA:0,eliminarDelCarrito
FNDA:0,(anonymous_4)
FNDA:0,(anonymous_5)
FNDA:0,(anonymous_6)
FNDA:0,(anonymous_7)
FNDA:0,(anonymous_8)
FNDA:0,(anonymous_9)
DA:7,0
DA:8,0
DA:10,0
DA:21,0
DA:22,0
DA:23,0
DA:28,0
DA:29,0
DA:30,0
DA:31,0
DA:35,0
DA:36,0
DA:37,0
DA:40,0
DA:49,0
DA:54,0
DA:74,0
DA:79,0
DA:93,0
LF:19
LH:0
BRDA:23,0,0,0
BRDA:23,0,1,0
BRDA:63,1,0,0
BRDA:63,1,1,0
BRDA:69,2,0,0
BRDA:69,2,1,0
BRF:6
BRH:0
end_of_record
TN:
SF:src/components/Otros.jsx
FN:6,Otros
FN:21,(anonymous_1)
FN:27,agregarAlCarrito
FN:34,eliminarDelCarrito
FN:35,(anonymous_4)
FN:48,(anonymous_5)
FN:53,(anonymous_6)
FN:73,(anonymous_7)
FN:79,(anonymous_8)
FN:91,(anonymous_9)
FNF:10
FNH:0
FNDA:0,Otros
FNDA:0,(anonymous_1)
FNDA:0,agregarAlCarrito
FNDA:0,eliminarDelCarrito
FNDA:0,(anonymous_4)
FNDA:0,(anonymous_5)
FNDA:0,(anonymous_6)
FNDA:0,(anonymous_7)
FNDA:0,(anonymous_8)
FNDA:0,(anonymous_9)
DA:7,0
DA:8,0
DA:10,0
DA:21,0
DA:22,0
DA:23,0
DA:28,0
DA:29,0
DA:30,0
DA:31,0
DA:35,0
DA:36,0
DA:37,0
DA:41,0
DA:49,0
DA:53,0
DA:74,0
DA:79,0
DA:91,0
LF:19
LH:0
BRDA:23,0,0,0
BRDA:23,0,1,0
BRDA:63,1,0,0
BRDA:63,1,1,0
BRDA:69,2,0,0
BRDA:69,2,1,0
BRF:6
BRH:0
end_of_record
TN:
SF:src/components/Perfil.jsx
FN:3,Perfil
FNF:1
FNH:0
FNDA:0,Perfil
DA:5,0
LF:1
LH:0
BRF:0
BRH:0
end_of_record
TN:
SF:src/components/Reserva.jsx
FN:3,Reserva
FN:12,(anonymous_1)
FNF:2
FNH:0
FNDA:0,Reserva
FNDA:0,(anonymous_1)
DA:4,0
DA:5,0
DA:7,0
DA:12,0
LF:4
LH:0
BRDA:9,0,0,0
BRDA:9,0,1,0
BRF:2
BRH:0
end_of_record
TN:
SF:src/components/Shampoo.jsx
FN:6,Shampoo
FN:22,(anonymous_1)
FN:29,agregarAlCarrito
FN:36,eliminarDelCarrito
FN:37,(anonymous_4)
FN:49,(anonymous_5)
FN:54,(anonymous_6)
FN:74,(anonymous_7)
FN:80,(anonymous_8)
FN:92,(anonymous_9)
FNF:10
FNH:0
FNDA:0,Shampoo
FNDA:0,(anonymous_1)
FNDA:0,agregarAlCarrito
FNDA:0,eliminarDelCarrito
FNDA:0,(anonymous_4)
FNDA:0,(anonymous_5)
FNDA:0,(anonymous_6)
FNDA:0,(anonymous_7)
FNDA:0,(anonymous_8)
FNDA:0,(anonymous_9)
DA:7,0
DA:8,0
DA:10,0
DA:22,0
DA:23,0
DA:24,0
DA:30,0
DA:31,0
DA:32,0
DA:33,0
DA:37,0
DA:38,0
DA:39,0
DA:42,0
DA:50,0
DA:54,0
DA:75,0
DA:80,0
DA:92,0
LF:19
LH:0
BRDA:24,0,0,0
BRDA:24,0,1,0
BRDA:64,1,0,0
BRDA:64,1,1,0
BRDA:70,2,0,0
BRDA:70,2,1,0
BRF:6
BRH:0
end_of_record
TN:
SF:src/components/camas.jsx
FN:6,Camas
FN:21,(anonymous_1)
FN:27,agregarAlCarrito
FN:34,eliminarDelCarrito
FN:35,(anonymous_4)
FN:48,(anonymous_5)
FN:53,(anonymous_6)
FN:73,(anonymous_7)
FN:79,(anonymous_8)
FN:91,(anonymous_9)
FNF:10
FNH:0
FNDA:0,Camas
FNDA:0,(anonymous_1)
FNDA:0,agregarAlCarrito
FNDA:0,eliminarDelCarrito
FNDA:0,(anonymous_4)
FNDA:0,(anonymous_5)
FNDA:0,(anonymous_6)
FNDA:0,(anonymous_7)
FNDA:0,(anonymous_8)
FNDA:0,(anonymous_9)
DA:7,0
DA:8,0
DA:10,0
DA:21,0
DA:22,0
DA:23,0
DA:28,0
DA:29,0
DA:30,0
DA:31,0
DA:35,0
DA:36,0
DA:37,0
DA:41,0
DA:49,0
DA:53,0
DA:74,0
DA:79,0
DA:91,0
LF:19
LH:0
BRDA:23,0,0,0
BRDA:23,0,1,0
BRDA:63,1,0,0
BRDA:63,1,1,0
BRDA:69,2,0,0
BRDA:69,2,1,0
BRF:6
BRH:0
end_of_record
TN:
SF:src/components/cardiologia.jsx
FN:5,Cardiologia
FN:7,(anonymous_1)
FN:23,(anonymous_2)
FNF:3
FNH:0
FNDA:0,Cardiologia
FNDA:0,(anonymous_1)
FNDA:0,(anonymous_2)
DA:6,0
DA:7,0
DA:8,0
DA:10,0
DA:23,0
LF:5
LH:0
BRF:0
BRH:0
end_of_record
TN:
SF:src/components/cirujiaGeneral.jsx
FN:5,CirujiaGeneral
FN:7,(anonymous_1)
FN:27,(anonymous_2)
FNF:3
FNH:0
FNDA:0,CirujiaGeneral
FNDA:0,(anonymous_1)
FNDA:0,(anonymous_2)
DA:6,0
DA:7,0
DA:8,0
DA:10,0
DA:27,0
LF:5
LH:0
BRF:0
BRH:0
end_of_record
TN:
SF:src/components/cirujias.jsx
FN:4,Cirujias
FN:27,(anonymous_1)
FNF:2
FNH:0
FNDA:0,Cirujias
FNDA:0,(anonymous_1)
DA:5,0
DA:16,0
DA:28,0
LF:3
LH:0
BRF:0
BRH:0
end_of_record
TN:
SF:src/components/collares.jsx
FN:6,Collares
FN:21,(anonymous_1)
FN:27,agregarAlCarrito
FN:34,eliminarDelCarrito
FN:35,(anonymous_4)
FN:48,(anonymous_5)
FN:53,(anonymous_6)
FN:73,(anonymous_7)
FN:79,(anonymous_8)
FN:91,(anonymous_9)
FNF:10
FNH:0
FNDA:0,Collares
FNDA:0,(anonymous_1)
FNDA:0,agregarAlCarrito
FNDA:0,eliminarDelCarrito
FNDA:0,(anonymous_4)
FNDA:0,(anonymous_5)
FNDA:0,(anonymous_6)
FNDA:0,(anonymous_7)
FNDA:0,(anonymous_8)
FNDA:0,(anonymous_9)
DA:7,0
DA:8,0
DA:10,0
DA:21,0
DA:22,0
DA:23,0
DA:28,0
DA:29,0
DA:30,0
DA:31,0
DA:35,0
DA:36,0
DA:37,0
DA:41,0
DA:49,0
DA:53,0
DA:74,0
DA:79,0
DA:91,0
LF:19
LH:0
BRDA:23,0,0,0
BRDA:23,0,1,0
BRDA:63,1,0,0
BRDA:63,1,1,0
BRDA:69,2,0,0
BRDA:69,2,1,0
BRF:6
BRH:0
end_of_record
TN:
SF:src/components/comprobante.jsx
FN:5,Comprobante
FN:13,eliminarDelCarrito
FN:14,(anonymous_2)
FN:19,verificarDatos
FN:50,(anonymous_4)
FN:53,(anonymous_5)
FN:89,(anonymous_6)
FN:103,(anonymous_7)
FN:156,(anonymous_8)
FN:170,(anonymous_9)
FN:189,(anonymous_10)
FN:204,(anonymous_11)
FNF:12
FNH:0
FNDA:0,Comprobante
FNDA:0,eliminarDelCarrito
FNDA:0,(anonymous_2)
FNDA:0,verificarDatos
FNDA:0,(anonymous_4)
FNDA:0,(anonymous_5)
FNDA:0,(anonymous_6)
FNDA:0,(anonymous_7)
FNDA:0,(anonymous_8)
FNDA:0,(anonymous_9)
FNDA:0,(anonymous_10)
FNDA:0,(anonymous_11)
DA:6,0
DA:7,0
DA:8,0
DA:9,0
DA:10,0
DA:11,0
DA:14,0
DA:15,0
DA:16,0
DA:20,0
DA:21,0
DA:22,0
DA:23,0
DA:24,0
DA:26,0
DA:27,0
DA:28,0
DA:30,0
DA:31,0
DA:32,0
DA:34,0
DA:35,0
DA:36,0
DA:38,0
DA:39,0
DA:40,0
DA:42,0
DA:43,0
DA:44,0
DA:46,0
DA:50,0
DA:53,0
DA:54,0
DA:55,0
DA:60,0
DA:90,0
DA:103,0
DA:156,0
DA:170,0
DA:189,0
DA:204,0
LF:41
LH:0
BRDA:22,0,0,0
BRDA:22,0,1,0
BRDA:26,1,0,0
BRDA:26,1,1,0
BRDA:30,2,0,0
BRDA:30,2,1,0
BRDA:34,3,0,0
BRDA:34,3,1,0
BRDA:38,4,0,0
BRDA:38,4,1,0
BRDA:42,5,0,0
BRDA:42,5,1,0
BRDA:50,6,0,0
BRDA:50,6,1,0
BRDA:55,7,0,0
BRDA:55,7,1,0
BRDA:68,8,0,0
BRDA:68,8,1,0
BRDA:94,9,0,0
BRDA:94,9,1,0
BRDA:121,10,0,0
BRDA:121,10,1,0
BRDA:159,11,0,0
BRDA:159,11,1,0
BRDA:160,12,0,0
BRDA:160,12,1,0
BRDA:173,13,0,0
BRDA:173,13,1,0
BRDA:176,14,0,0
BRDA:176,14,1,0
BRDA:179,15,0,0
BRDA:179,15,1,0
BRDA:192,16,0,0
BRDA:192,16,1,0
BRF:34
BRH:0
end_of_record
TN:
SF:src/components/conejos.jsx
FN:6,Conejos
FN:21,(anonymous_1)
FN:27,agregarAlCarrito
FN:34,eliminarDelCarrito
FN:35,(anonymous_4)
FN:48,(anonymous_5)
FN:53,(anonymous_6)
FN:73,(anonymous_7)
FN:79,(anonymous_8)
FN:91,(anonymous_9)
FNF:10
FNH:0
FNDA:0,Conejos
FNDA:0,(anonymous_1)
FNDA:0,agregarAlCarrito
FNDA:0,eliminarDelCarrito
FNDA:0,(anonymous_4)
FNDA:0,(anonymous_5)
FNDA:0,(anonymous_6)
FNDA:0,(anonymous_7)
FNDA:0,(anonymous_8)
FNDA:0,(anonymous_9)
DA:7,0
DA:8,0
DA:10,0
DA:21,0
DA:22,0
DA:23,0
DA:28,0
DA:29,0
DA:30,0
DA:31,0
DA:35,0
DA:36,0
DA:37,0
DA:41,0
DA:49,0
DA:53,0
DA:74,0
DA:79,0
DA:91,0
LF:19
LH:0
BRDA:23,0,0,0
BRDA:23,0,1,0
BRDA:63,1,0,0
BRDA:63,1,1,0
BRDA:69,2,0,0
BRDA:69,2,1,0
BRF:6
BRH:0
end_of_record
TN:
SF:src/components/consultas.jsx
FN:4,Consultas
FN:14,(anonymous_1)
FNF:2
FNH:0
FNDA:0,Consultas
FNDA:0,(anonymous_1)
DA:6,0
DA:8,0
DA:14,0
LF:3
LH:0
BRF:0
BRH:0
end_of_record
TN:
SF:src/components/cuadradoPerfil.jsx
FN:4,CuadradoPerfil
FNF:1
FNH:0
FNDA:0,CuadradoPerfil
DA:6,0
LF:1
LH:0
BRDA:10,0,0,0
BRDA:10,0,1,0
BRF:2
BRH:0
end_of_record
TN:
SF:src/components/ecografia.jsx
FN:5,Ecografia
FN:7,(anonymous_1)
FN:23,(anonymous_2)
FNF:3
FNH:0
FNDA:0,Ecografia
FNDA:0,(anonymous_1)
FNDA:0,(anonymous_2)
DA:6,0
DA:7,0
DA:8,0
DA:10,0
DA:23,0
LF:5
LH:0
BRF:0
BRH:0
end_of_record
TN:
SF:src/components/gatos.jsx
FN:6,Gatos
FN:22,(anonymous_1)
FN:28,agregarAlCarrito
FN:35,eliminarDelCarrito
FN:36,(anonymous_4)
FN:49,(anonymous_5)
FN:54,(anonymous_6)
FN:74,(anonymous_7)
FN:80,(anonymous_8)
FN:92,(anonymous_9)
FNF:10
FNH:0
FNDA:0,Gatos
FNDA:0,(anonymous_1)
FNDA:0,agregarAlCarrito
FNDA:0,eliminarDelCarrito
FNDA:0,(anonymous_4)
FNDA:0,(anonymous_5)
FNDA:0,(anonymous_6)
FNDA:0,(anonymous_7)
FNDA:0,(anonymous_8)
FNDA:0,(anonymous_9)
DA:7,0
DA:8,0
DA:10,0
DA:22,0
DA:23,0
DA:24,0
DA:29,0
DA:30,0
DA:31,0
DA:32,0
DA:36,0
DA:37,0
DA:38,0
DA:42,0
DA:50,0
DA:54,0
DA:75,0
DA:80,0
DA:92,0
LF:19
LH:0
BRDA:24,0,0,0
BRDA:24,0,1,0
BRDA:64,1,0,0
BRDA:64,1,1,0
BRDA:70,2,0,0
BRDA:70,2,1,0
BRF:6
BRH:0
end_of_record
TN:
SF:src/components/inicioSesion.jsx
FN:1,InicioSesion
FNF:1
FNH:0
FNDA:0,InicioSesion
DA:2,0
LF:1
LH:0
BRF:0
BRH:0
end_of_record
TN:
SF:src/components/internacion.jsx
FN:5,Internacion
FN:7,(anonymous_1)
FN:23,(anonymous_2)
FNF:3
FNH:0
FNDA:0,Internacion
FNDA:0,(anonymous_1)
FNDA:0,(anonymous_2)
DA:6,0
DA:7,0
DA:8,0
DA:10,0
DA:23,0
LF:5
LH:0
BRF:0
BRH:0
end_of_record
TN:
SF:src/components/jarabes.jsx
FN:6,Jarabes
FN:21,(anonymous_1)
FN:27,agregarAlCarrito
FN:34,eliminarDelCarrito
FN:35,(anonymous_4)
FN:48,(anonymous_5)
FN:53,(anonymous_6)
FN:73,(anonymous_7)
FN:79,(anonymous_8)
FN:91,(anonymous_9)
FNF:10
FNH:0
FNDA:0,Jarabes
FNDA:0,(anonymous_1)
FNDA:0,agregarAlCarrito
FNDA:0,eliminarDelCarrito
FNDA:0,(anonymous_4)
FNDA:0,(anonymous_5)
FNDA:0,(anonymous_6)
FNDA:0,(anonymous_7)
FNDA:0,(anonymous_8)
FNDA:0,(anonymous_9)
DA:7,0
DA:8,0
DA:10,0
DA:21,0
DA:22,0
DA:23,0
DA:28,0
DA:29,0
DA:30,0
DA:31,0
DA:35,0
DA:36,0
DA:37,0
DA:41,0
DA:49,0
DA:53,0
DA:74,0
DA:79,0
DA:91,0
LF:19
LH:0
BRDA:23,0,0,0
BRDA:23,0,1,0
BRDA:63,1,0,0
BRDA:63,1,1,0
BRDA:69,2,0,0
BRDA:69,2,1,0
BRF:6
BRH:0
end_of_record
TN:
SF:src/components/laboratorio.jsx
FN:5,Laboratorio
FN:7,(anonymous_1)
FN:23,(anonymous_2)
FNF:3
FNH:0
FNDA:0,Laboratorio
FNDA:0,(anonymous_1)
FNDA:0,(anonymous_2)
DA:6,0
DA:7,0
DA:8,0
DA:10,0
DA:23,0
LF:5
LH:0
BRF:0
BRH:0
end_of_record
TN:
SF:src/components/pastillas.jsx
FN:6,Pastillas
FN:21,(anonymous_1)
FN:27,agregarAlCarrito
FN:34,eliminarDelCarrito
FN:35,(anonymous_4)
FN:48,(anonymous_5)
FN:53,(anonymous_6)
FN:73,(anonymous_7)
FN:79,(anonymous_8)
FN:91,(anonymous_9)
FNF:10
FNH:0
FNDA:0,Pastillas
FNDA:0,(anonymous_1)
FNDA:0,agregarAlCarrito
FNDA:0,eliminarDelCarrito
FNDA:0,(anonymous_4)
FNDA:0,(anonymous_5)
FNDA:0,(anonymous_6)
FNDA:0,(anonymous_7)
FNDA:0,(anonymous_8)
FNDA:0,(anonymous_9)
DA:7,0
DA:8,0
DA:10,0
DA:21,0
DA:22,0
DA:23,0
DA:28,0
DA:29,0
DA:30,0
DA:31,0
DA:35,0
DA:36,0
DA:37,0
DA:41,0
DA:49,0
DA:53,0
DA:74,0
DA:79,0
DA:91,0
LF:19
LH:0
BRDA:23,0,0,0
BRDA:23,0,1,0
BRDA:63,1,0,0
BRDA:63,1,1,0
BRDA:69,2,0,0
BRDA:69,2,1,0
BRF:6
BRH:0
end_of_record
TN:
SF:src/components/perros.jsx
FN:6,Perros
FN:21,(anonymous_1)
FN:27,agregarAlCarrito
FN:34,eliminarDelCarrito
FN:35,(anonymous_4)
FN:48,(anonymous_5)
FN:53,(anonymous_6)
FN:73,(anonymous_7)
FN:79,(anonymous_8)
FN:91,(anonymous_9)
FNF:10
FNH:0
FNDA:0,Perros
FNDA:0,(anonymous_1)
FNDA:0,agregarAlCarrito
FNDA:0,eliminarDelCarrito
FNDA:0,(anonymous_4)
FNDA:0,(anonymous_5)
FNDA:0,(anonymous_6)
FNDA:0,(anonymous_7)
FNDA:0,(anonymous_8)
FNDA:0,(anonymous_9)
DA:7,0
DA:8,0
DA:10,0
DA:21,0
DA:22,0
DA:23,0
DA:28,0
DA:29,0
DA:30,0
DA:31,0
DA:35,0
DA:36,0
DA:37,0
DA:41,0
DA:49,0
DA:53,0
DA:74,0
DA:79,0
DA:91,0
LF:19
LH:0
BRDA:23,0,0,0
BRDA:23,0,1,0
BRDA:63,1,0,0
BRDA:63,1,1,0
BRDA:69,2,0,0
BRDA:69,2,1,0
BRF:6
BRH:0
end_of_record
TN:
SF:src/components/pipetas.jsx
FN:6,Pipetas
FN:21,(anonymous_1)
FN:27,agregarAlCarrito
FN:34,eliminarDelCarrito
FN:35,(anonymous_4)
FN:48,(anonymous_5)
FN:53,(anonymous_6)
FN:73,(anonymous_7)
FN:79,(anonymous_8)
FN:91,(anonymous_9)
FNF:10
FNH:0
FNDA:0,Pipetas
FNDA:0,(anonymous_1)
FNDA:0,agregarAlCarrito
FNDA:0,eliminarDelCarrito
FNDA:0,(anonymous_4)
FNDA:0,(anonymous_5)
FNDA:0,(anonymous_6)
FNDA:0,(anonymous_7)
FNDA:0,(anonymous_8)
FNDA:0,(anonymous_9)
DA:7,0
DA:8,0
DA:10,0
DA:21,0
DA:22,0
DA:23,0
DA:28,0
DA:29,0
DA:30,0
DA:31,0
DA:35,0
DA:36,0
DA:37,0
DA:41,0
DA:49,0
DA:53,0
DA:74,0
DA:79,0
DA:91,0
LF:19
LH:0
BRDA:23,0,0,0
BRDA:23,0,1,0
BRDA:63,1,0,0
BRDA:63,1,1,0
BRDA:69,2,0,0
BRDA:69,2,1,0
BRF:6
BRH:0
end_of_record
TN:
SF:src/components/radiologia.jsx
FN:5,Radiologia
FN:7,(anonymous_1)
FN:23,(anonymous_2)
FNF:3
FNH:0
FNDA:0,Radiologia
FNDA:0,(anonymous_1)
FNDA:0,(anonymous_2)
DA:6,0
DA:7,0
DA:8,0
DA:10,0
DA:23,0
LF:5
LH:0
BRF:0
BRH:0
end_of_record
TN:
SF:src/components/ropa.jsx
FN:6,Ropa
FN:21,(anonymous_1)
FN:27,agregarAlCarrito
FN:34,eliminarDelCarrito
FN:35,(anonymous_4)
FN:48,(anonymous_5)
FN:53,(anonymous_6)
FN:73,(anonymous_7)
FN:79,(anonymous_8)
FN:91,(anonymous_9)
FNF:10
FNH:0
FNDA:0,Ropa
FNDA:0,(anonymous_1)
FNDA:0,agregarAlCarrito
FNDA:0,eliminarDelCarrito
FNDA:0,(anonymous_4)
FNDA:0,(anonymous_5)
FNDA:0,(anonymous_6)
FNDA:0,(anonymous_7)
FNDA:0,(anonymous_8)
FNDA:0,(anonymous_9)
DA:7,0
DA:8,0
DA:10,0
DA:21,0
DA:22,0
DA:23,0
DA:28,0
DA:29,0
DA:30,0
DA:31,0
DA:35,0
DA:36,0
DA:37,0
DA:41,0
DA:49,0
DA:53,0
DA:74,0
DA:79,0
DA:91,0
LF:19
LH:0
BRDA:23,0,0,0
BRDA:23,0,1,0
BRDA:63,1,0,0
BRDA:63,1,1,0
BRDA:69,2,0,0
BRDA:69,2,1,0
BRF:6
BRH:0
end_of_record
TN:
SF:src/components/sacarTurno.jsx
FN:5,Formulario
FN:17,(anonymous_1)
FN:19,verificarPaso
FN:52,manejarBoton
FN:93,(anonymous_4)
FN:107,(anonymous_5)
FN:123,(anonymous_6)
FN:140,(anonymous_7)
FN:156,(anonymous_8)
FN:169,(anonymous_9)
FN:186,(anonymous_10)
FN:205,(anonymous_11)
FN:218,(anonymous_12)
FNF:13
FNH:1
FNDA:4,Formulario
FNDA:0,(anonymous_1)
FNDA:0,verificarPaso
FNDA:0,manejarBoton
FNDA:0,(anonymous_4)
FNDA:0,(anonymous_5)
FNDA:0,(anonymous_6)
FNDA:0,(anonymous_7)
FNDA:0,(anonymous_8)
FNDA:0,(anonymous_9)
FNDA:0,(anonymous_10)
FNDA:0,(anonymous_11)
FNDA:0,(anonymous_12)
DA:6,4
DA:7,4
DA:8,4
DA:9,4
DA:10,4
DA:11,4
DA:12,4
DA:13,4
DA:14,4
DA:15,4
DA:16,4
DA:17,4
DA:20,0
DA:22,0
DA:23,0
DA:24,0
DA:27,0
DA:28,0
DA:29,0
DA:32,0
DA:33,0
DA:34,0
DA:35,0
DA:38,0
DA:39,0
DA:40,0
DA:44,0
DA:45,0
DA:48,0
DA:53,0
DA:54,0
DA:56,0
DA:57,0
DA:58,0
DA:60,0
DA:65,4
DA:93,0
DA:107,0
DA:123,0
DA:140,0
DA:156,0
DA:169,0
DA:186,0
DA:205,0
DA:218,0
LF:45
LH:13
BRDA:5,0,0,0
BRDA:22,1,0,0
BRDA:22,1,1,0
BRDA:23,2,0,0
BRDA:23,2,1,0
BRDA:24,3,0,0
BRDA:24,3,1,0
BRDA:27,4,0,0
BRDA:27,4,1,0
BRDA:28,5,0,0
BRDA:28,5,1,0
BRDA:29,6,0,0
BRDA:29,6,1,0
BRDA:32,7,0,0
BRDA:32,7,1,0
BRDA:33,8,0,0
BRDA:33,8,1,0
BRDA:34,9,0,0
BRDA:34,9,1,0
BRDA:35,10,0,0
BRDA:35,10,1,0
BRDA:38,11,0,0
BRDA:38,11,1,0
BRDA:39,12,0,0
BRDA:39,12,1,0
BRDA:40,13,0,0
BRDA:40,13,1,0
BRDA:44,14,0,0
BRDA:44,14,1,0
BRDA:45,15,0,0
BRDA:45,15,1,0
BRDA:56,16,0,0
BRDA:56,16,1,0
BRDA:57,17,0,0
BRDA:57,17,1,0
BRDA:71,18,0,1
BRDA:71,18,1,3
BRDA:72,19,0,1
BRDA:72,19,1,3
BRDA:73,20,0,1
BRDA:73,20,1,3
BRDA:74,21,0,0
BRDA:74,21,1,4
BRDA:75,22,0,1
BRDA:75,22,1,3
BRDA:76,23,0,0
BRDA:76,23,1,4
BRDA:83,24,0,4
BRDA:83,24,1,1
BRDA:113,25,0,4
BRDA:113,25,1,1
BRDA:130,26,0,4
BRDA:130,26,1,1
BRDA:146,27,0,4
BRDA:146,27,1,0
BRDA:176,28,0,4
BRDA:176,28,1,1
BRDA:193,29,0,4
BRDA:193,29,1,0
BRDA:198,30,0,4
BRDA:198,30,1,0
BRDA:212,31,0,4
BRDA:212,31,1,0
BRF:63
BRH:22
end_of_record
TN:
SF:src/components/transportadoras.jsx
FN:6,Transportadoras
FN:21,(anonymous_1)
FN:27,agregarAlCarrito
FN:34,eliminarDelCarrito
FN:35,(anonymous_4)
FN:48,(anonymous_5)
FN:53,(anonymous_6)
FN:73,(anonymous_7)
FN:79,(anonymous_8)
FN:91,(anonymous_9)
FNF:10
FNH:0
FNDA:0,Transportadoras
FNDA:0,(anonymous_1)
FNDA:0,agregarAlCarrito
FNDA:0,eliminarDelCarrito
FNDA:0,(anonymous_4)
FNDA:0,(anonymous_5)
FNDA:0,(anonymous_6)
FNDA:0,(anonymous_7)
FNDA:0,(anonymous_8)
FNDA:0,(anonymous_9)
DA:7,0
DA:8,0
DA:10,0
DA:21,0
DA:22,0
DA:23,0
DA:28,0
DA:29,0
DA:30,0
DA:31,0
DA:35,0
DA:36,0
DA:37,0
DA:41,0
DA:49,0
DA:53,0
DA:74,0
DA:79,0
DA:91,0
LF:19
LH:0
BRDA:23,0,0,0
BRDA:23,0,1,0
BRDA:63,1,0,0
BRDA:63,1,1,0
BRDA:69,2,0,0
BRDA:69,2,1,0
BRF:6
BRH:0
end_of_record
TN:
SF:src/components/traumatologia.jsx
FN:5,Traumatologia
FN:7,(anonymous_1)
FN:23,(anonymous_2)
FNF:3
FNH:0
FNDA:0,Traumatologia
FNDA:0,(anonymous_1)
FNDA:0,(anonymous_2)
DA:6,0
DA:7,0
DA:8,0
DA:10,0
DA:23,0
LF:5
LH:0
BRF:0
BRH:0
end_of_record
TN:
SF:src/components/turnoAgendado.jsx
FN:3,TurnoAgendado
FN:75,(anonymous_1)
FNF:2
FNH:1
FNDA:7,TurnoAgendado
FNDA:0,(anonymous_1)
DA:4,7
DA:14,7
DA:15,7
DA:19,7
DA:75,0
LF:5
LH:4
BRDA:4,0,0,7
BRDA:4,0,1,0
BRDA:6,1,0,7
BRDA:7,2,0,7
BRDA:8,3,0,7
BRDA:9,4,0,7
BRDA:10,5,0,7
BRDA:11,6,0,7
BRDA:12,7,0,7
BRDA:13,8,0,7
BRDA:14,9,0,7
BRDA:14,9,1,7
BRF:12
BRH:11
end_of_record
TN:
SF:src/components/urgencia.jsx
FN:5,Urgencias
FN:7,(anonymous_1)
FN:23,(anonymous_2)
FNF:3
FNH:1
FNDA:1,Urgencias
FNDA:0,(anonymous_1)
FNDA:0,(anonymous_2)
DA:6,1
DA:7,1
DA:8,0
DA:10,1
DA:23,0
LF:5
LH:3
BRF:0
BRH:0
end_of_record
TN:
SF:src/components/vacunaciones.jsx
FN:5,Vacunaciones
FN:17,(anonymous_1)
FN:21,(anonymous_2)
FN:26,(anonymous_3)
FN:34,(anonymous_4)
FN:39,(anonymous_5)
FN:45,(anonymous_6)
FN:50,(anonymous_7)
FN:55,(anonymous_8)
FNF:9
FNH:1
FNDA:1,Vacunaciones
FNDA:0,(anonymous_1)
FNDA:0,(anonymous_2)
FNDA:0,(anonymous_3)
FNDA:0,(anonymous_4)
FNDA:0,(anonymous_5)
FNDA:0,(anonymous_6)
FNDA:0,(anonymous_7)
FNDA:0,(anonymous_8)
DA:6,1
DA:7,1
DA:17,0
DA:21,0
DA:26,0
DA:34,0
DA:39,0
DA:45,0
DA:50,0
DA:55,0
LF:10
LH:2
BRF:0
BRH:0
end_of_record
TN:
SF:src/components/vacunas.jsx
FN:6,Vacunas
FN:21,(anonymous_1)
FN:27,agregarAlCarrito
FN:34,eliminarDelCarrito
FN:35,(anonymous_4)
FN:48,(anonymous_5)
FN:53,(anonymous_6)
FN:73,(anonymous_7)
FN:79,(anonymous_8)
FN:91,(anonymous_9)
FNF:10
FNH:3
FNDA:1,Vacunas
FNDA:1,(anonymous_1)
FNDA:0,agregarAlCarrito
FNDA:0,eliminarDelCarrito
FNDA:0,(anonymous_4)
FNDA:8,(anonymous_5)
FNDA:0,(anonymous_6)
FNDA:0,(anonymous_7)
FNDA:0,(anonymous_8)
FNDA:0,(anonymous_9)
DA:7,1
DA:8,1
DA:10,1
DA:21,1
DA:22,1
DA:23,1
DA:28,0
DA:29,0
DA:30,0
DA:31,0
DA:35,0
DA:36,0
DA:37,0
DA:41,1
DA:49,8
DA:53,0
DA:74,0
DA:79,0
DA:91,0
LF:19
LH:8
BRDA:23,0,0,0
BRDA:23,0,1,1
BRDA:63,1,0,1
BRDA:63,1,1,0
BRDA:69,2,0,0
BRDA:69,2,1,0
BRF:6
BRH:2
end_of_record
TN:
SF:src/routes/routs.jsx
FNF:0
FNH:0
DA:47,0
LF:1
LH:0
BRF:0
BRH:0
end_of_record
